main-cb5551f02e62.js:2 polaris:  <s-internal-modal heading=​"Raccourcis clavier" size=​"large">​…​</s-internal-modal>​ - accessibilityLabel is recommended when scroll-box is provided
console.warn @ main-cb5551f02e62.js:2
console.warn @ main-cb5551f02e62.js:2
overrideMethod @ installHook.js:1
_g @ render-common-f3a44f962461.js:65
Uk @ render-common-f3a44f962461.js:72
lte @ render-common-f3a44f962461.js:2
lp @ render-common-f3a44f962461.js:2
ip @ render-common-f3a44f962461.js:2
lp @ render-common-f3a44f962461.js:2
ip @ render-common-f3a44f962461.js:2
lp @ render-common-f3a44f962461.js:2
ute @ render-common-f3a44f962461.js:2
#r @ render-common-f3a44f962461.js:2
[flushRender] @ render-common-f3a44f962461.js:2
(anonymous) @ render-common-f3a44f962461.js:64
Dc @ render-common-f3a44f962461.js:72
Hc @ render-common-f3a44f962461.js:72
Vc @ render-common-f3a44f962461.js:72
Bc @ render-common-f3a44f962461.js:72
Wl @ render-common-f3a44f962461.js:72
Ul @ render-common-f3a44f962461.js:72
Tl @ render-common-f3a44f962461.js:72
x @ render-common-f3a44f962461.js:65
O @ render-common-f3a44f962461.js:65
setTimeout
k @ render-common-f3a44f962461.js:65
M @ render-common-f3a44f962461.js:65
e.unstable_scheduleCallback @ render-common-f3a44f962461.js:65
$l @ render-common-f3a44f962461.js:72
wl @ render-common-f3a44f962461.js:72
Cl @ render-common-f3a44f962461.js:72
hu @ render-common-f3a44f962461.js:72
Su.render.xu.render @ render-common-f3a44f962461.js:72
render @ render-common-f3a44f962461.js:275
Lc @ main-cb5551f02e62.js:19
await in Lc
(anonymous) @ main-cb5551f02e62.js:19
Promise.then
(anonymous) @ main-cb5551f02e62.js:19
main-cb5551f02e62.js:2 using deprecated parameters for the initialization function; pass a single object instead
console.warn @ main-cb5551f02e62.js:2
console.warn @ main-cb5551f02e62.js:2
overrideMethod @ installHook.js:1
__wbg_init @ loaders-common-f1815b45ee5d.js:94
Se @ loaders-common-f1815b45ee5d.js:94
ue @ createReportifyContext-b99f89e69423.js:1
s @ reportify-11ce5b46d3dc.js:2
await in s
reportify @ main-cb5551f02e62.js:19
await in reportify
_load @ common-abc47929c5fe.js:2
get @ common-abc47929c5fe.js:2
instanceCreated @ host-c5a57f4109b7.js:140
instanceCreated @ common-abc47929c5fe.js:56
await in instanceCreated
_initialize @ common-abc47929c5fe.js:56
await in _initialize
lX @ common-abc47929c5fe.js:56
launch @ common-abc47929c5fe.js:56
await in launch
launch @ common-abc47929c5fe.js:55
(anonymous) @ useLaunchInstances-5561d32b8042.js:1
(anonymous) @ render-common-f3a44f962461.js:2
(anonymous) @ loaders-common-f1815b45ee5d.js:1
Ew.c @ common-abc47929c5fe.js:2
Dw @ common-abc47929c5fe.js:2
(anonymous) @ loaders-common-f1815b45ee5d.js:1
Dc @ render-common-f3a44f962461.js:72
Gl @ render-common-f3a44f962461.js:72
Al @ render-common-f3a44f962461.js:72
da @ render-common-f3a44f962461.js:70
Wl @ render-common-f3a44f962461.js:72
Ul @ render-common-f3a44f962461.js:72
Tl @ render-common-f3a44f962461.js:72
x @ render-common-f3a44f962461.js:65
O @ render-common-f3a44f962461.js:65
setTimeout
k @ render-common-f3a44f962461.js:65
M @ render-common-f3a44f962461.js:65
e.unstable_scheduleCallback @ render-common-f3a44f962461.js:65
$l @ render-common-f3a44f962461.js:72
wl @ render-common-f3a44f962461.js:72
Cl @ render-common-f3a44f962461.js:72
hu @ render-common-f3a44f962461.js:72
Su.render.xu.render @ render-common-f3a44f962461.js:72
render @ render-common-f3a44f962461.js:275
Lc @ main-cb5551f02e62.js:19
await in Lc
(anonymous) @ main-cb5551f02e62.js:19
Promise.then
(anonymous) @ main-cb5551f02e62.js:19
common-abc47929c5fe.js:57 Failed to execute 'postMessage' on 'DOMWindow': The target origin provided ('https://online-store-web.shopifyapps.com') does not match the recipient window's origin ('https://admin.shopify.com').
value @ common-abc47929c5fe.js:57
(anonymous) @ common-abc47929c5fe.js:57
value @ common-abc47929c5fe.js:57
Bte @ common-abc47929c5fe.js:57
(anonymous) @ common-abc47929c5fe.js:57
l @ common-abc47929c5fe.js:57
(anonymous) @ common-abc47929c5fe.js:57
v8 @ common-abc47929c5fe.js:57
o @ common-abc47929c5fe.js:57
Promise.then
v8 @ common-abc47929c5fe.js:57
o @ common-abc47929c5fe.js:57
Promise.then
v8 @ common-abc47929c5fe.js:57
o @ common-abc47929c5fe.js:57
(anonymous) @ common-abc47929c5fe.js:57
(anonymous) @ common-abc47929c5fe.js:57
(anonymous) @ common-abc47929c5fe.js:57
(anonymous) @ common-abc47929c5fe.js:57
l @ common-abc47929c5fe.js:57
(anonymous) @ common-abc47929c5fe.js:57
v8 @ common-abc47929c5fe.js:57
o @ common-abc47929c5fe.js:57
(anonymous) @ common-abc47929c5fe.js:57
(anonymous) @ common-abc47929c5fe.js:57
zte @ common-abc47929c5fe.js:57
(anonymous) @ common-abc47929c5fe.js:141
Dc @ render-common-f3a44f962461.js:72
Gl @ render-common-f3a44f962461.js:72
(anonymous) @ render-common-f3a44f962461.js:72
x @ render-common-f3a44f962461.js:65
O @ render-common-f3a44f962461.js:65
setTimeout
k @ render-common-f3a44f962461.js:65
O @ render-common-f3a44f962461.js:65
setTimeout
k @ render-common-f3a44f962461.js:65
O @ render-common-f3a44f962461.js:65
setTimeout
k @ render-common-f3a44f962461.js:65
O @ render-common-f3a44f962461.js:65
setTimeout
k @ render-common-f3a44f962461.js:65
O @ render-common-f3a44f962461.js:65
setTimeout
k @ render-common-f3a44f962461.js:65
O @ render-common-f3a44f962461.js:65
setTimeout
k @ render-common-f3a44f962461.js:65
O @ render-common-f3a44f962461.js:65
setTimeout
k @ render-common-f3a44f962461.js:65
O @ render-common-f3a44f962461.js:65
setTimeout
k @ render-common-f3a44f962461.js:65
O @ render-common-f3a44f962461.js:65
setTimeout
k @ render-common-f3a44f962461.js:65
O @ render-common-f3a44f962461.js:65
setTimeout
k @ render-common-f3a44f962461.js:65
O @ render-common-f3a44f962461.js:65
setTimeout
k @ render-common-f3a44f962461.js:65
M @ render-common-f3a44f962461.js:65
e.unstable_scheduleCallback @ render-common-f3a44f962461.js:65
$l @ render-common-f3a44f962461.js:72
wl @ render-common-f3a44f962461.js:72
Yl @ render-common-f3a44f962461.js:72
Zl @ render-common-f3a44f962461.js:72
Promise.then
(anonymous) @ render-common-f3a44f962461.js:72
Rc @ render-common-f3a44f962461.js:72
W @ render-common-f3a44f962461.js:72
U @ render-common-f3a44f962461.js:72
W @ render-common-f3a44f962461.js:72
U @ render-common-f3a44f962461.js:72
W @ render-common-f3a44f962461.js:72
U @ render-common-f3a44f962461.js:72
W @ render-common-f3a44f962461.js:72
U @ render-common-f3a44f962461.js:72
W @ render-common-f3a44f962461.js:72
U @ render-common-f3a44f962461.js:72
W @ render-common-f3a44f962461.js:72
U @ render-common-f3a44f962461.js:72
W @ render-common-f3a44f962461.js:72
U @ render-common-f3a44f962461.js:72
W @ render-common-f3a44f962461.js:72
U @ render-common-f3a44f962461.js:72
W @ render-common-f3a44f962461.js:72
U @ render-common-f3a44f962461.js:72
W @ render-common-f3a44f962461.js:72
U @ render-common-f3a44f962461.js:72
W @ render-common-f3a44f962461.js:72
U @ render-common-f3a44f962461.js:72
W @ render-common-f3a44f962461.js:72
U @ render-common-f3a44f962461.js:72
W @ render-common-f3a44f962461.js:72
U @ render-common-f3a44f962461.js:72
W @ render-common-f3a44f962461.js:72
U @ render-common-f3a44f962461.js:72
W @ render-common-f3a44f962461.js:72
U @ render-common-f3a44f962461.js:72
W @ render-common-f3a44f962461.js:72
U @ render-common-f3a44f962461.js:72
W @ render-common-f3a44f962461.js:72
U @ render-common-f3a44f962461.js:72
W @ render-common-f3a44f962461.js:72
U @ render-common-f3a44f962461.js:72
W @ render-common-f3a44f962461.js:72
U @ render-common-f3a44f962461.js:72
W @ render-common-f3a44f962461.js:72
U @ render-common-f3a44f962461.js:72
W @ render-common-f3a44f962461.js:72
U @ render-common-f3a44f962461.js:72
W @ render-common-f3a44f962461.js:72
U @ render-common-f3a44f962461.js:72
W @ render-common-f3a44f962461.js:72
U @ render-common-f3a44f962461.js:72
W @ render-common-f3a44f962461.js:72
U @ render-common-f3a44f962461.js:72
W @ render-common-f3a44f962461.js:72
U @ render-common-f3a44f962461.js:72
W @ render-common-f3a44f962461.js:72
U @ render-common-f3a44f962461.js:72
W @ render-common-f3a44f962461.js:72
U @ render-common-f3a44f962461.js:72
W @ render-common-f3a44f962461.js:72
U @ render-common-f3a44f962461.js:72
W @ render-common-f3a44f962461.js:72
U @ render-common-f3a44f962461.js:72
W @ render-common-f3a44f962461.js:72
U @ render-common-f3a44f962461.js:72
W @ render-common-f3a44f962461.js:72
U @ render-common-f3a44f962461.js:72
W @ render-common-f3a44f962461.js:72
U @ render-common-f3a44f962461.js:72
W @ render-common-f3a44f962461.js:72
U @ render-common-f3a44f962461.js:72
W @ render-common-f3a44f962461.js:72
U @ render-common-f3a44f962461.js:72
W @ render-common-f3a44f962461.js:72
U @ render-common-f3a44f962461.js:72
W @ render-common-f3a44f962461.js:72
U @ render-common-f3a44f962461.js:72
W @ render-common-f3a44f962461.js:72
U @ render-common-f3a44f962461.js:72
W @ render-common-f3a44f962461.js:72
U @ render-common-f3a44f962461.js:72
W @ render-common-f3a44f962461.js:72
U @ render-common-f3a44f962461.js:72
W @ render-common-f3a44f962461.js:72
U @ render-common-f3a44f962461.js:72
W @ render-common-f3a44f962461.js:72
U @ render-common-f3a44f962461.js:72
W @ render-common-f3a44f962461.js:72
U @ render-common-f3a44f962461.js:72
W @ render-common-f3a44f962461.js:72
U @ render-common-f3a44f962461.js:72
W @ render-common-f3a44f962461.js:72
U @ render-common-f3a44f962461.js:72
W @ render-common-f3a44f962461.js:72
U @ render-common-f3a44f962461.js:72
W @ render-common-f3a44f962461.js:72
U @ render-common-f3a44f962461.js:72
W @ render-common-f3a44f962461.js:72
U @ render-common-f3a44f962461.js:72
W @ render-common-f3a44f962461.js:72
U @ render-common-f3a44f962461.js:72
W @ render-common-f3a44f962461.js:72
U @ render-common-f3a44f962461.js:72
W @ render-common-f3a44f962461.js:72
U @ render-common-f3a44f962461.js:72
W @ render-common-f3a44f962461.js:72
U @ render-common-f3a44f962461.js:72
W @ render-common-f3a44f962461.js:72
U @ render-common-f3a44f962461.js:72
W @ render-common-f3a44f962461.js:72
U @ render-common-f3a44f962461.js:72
W @ render-common-f3a44f962461.js:72
U @ render-common-f3a44f962461.js:72
W @ render-common-f3a44f962461.js:72
U @ render-common-f3a44f962461.js:72
W @ render-common-f3a44f962461.js:72
U @ render-common-f3a44f962461.js:72
W @ render-common-f3a44f962461.js:72
U @ render-common-f3a44f962461.js:72
W @ render-common-f3a44f962461.js:72
U @ render-common-f3a44f962461.js:72
W @ render-common-f3a44f962461.js:72
U @ render-common-f3a44f962461.js:72
W @ render-common-f3a44f962461.js:72
U @ render-common-f3a44f962461.js:72
W @ render-common-f3a44f962461.js:72
U @ render-common-f3a44f962461.js:72
W @ render-common-f3a44f962461.js:72
U @ render-common-f3a44f962461.js:72
W @ render-common-f3a44f962461.js:72
U @ render-common-f3a44f962461.js:72
W @ render-common-f3a44f962461.js:72
U @ render-common-f3a44f962461.js:72
W @ render-common-f3a44f962461.js:72
U @ render-common-f3a44f962461.js:72
W @ render-common-f3a44f962461.js:72
U @ render-common-f3a44f962461.js:72
W @ render-common-f3a44f962461.js:72
U @ render-common-f3a44f962461.js:72
W @ render-common-f3a44f962461.js:72
U @ render-common-f3a44f962461.js:72
W @ render-common-f3a44f962461.js:72
U @ render-common-f3a44f962461.js:72
W @ render-common-f3a44f962461.js:72
U @ render-common-f3a44f962461.js:72
W @ render-common-f3a44f962461.js:72
U @ render-common-f3a44f962461.js:72
W @ render-common-f3a44f962461.js:72
U @ render-common-f3a44f962461.js:72
W @ render-common-f3a44f962461.js:72
U @ render-common-f3a44f962461.js:72
W @ render-common-f3a44f962461.js:72
U @ render-common-f3a44f962461.js:72
W @ render-common-f3a44f962461.js:72
U @ render-common-f3a44f962461.js:72
W @ render-common-f3a44f962461.js:72
U @ render-common-f3a44f962461.js:72
W @ render-common-f3a44f962461.js:72
U @ render-common-f3a44f962461.js:72
W @ render-common-f3a44f962461.js:72
U @ render-common-f3a44f962461.js:72
W @ render-common-f3a44f962461.js:72
U @ render-common-f3a44f962461.js:72
W @ render-common-f3a44f962461.js:72
U @ render-common-f3a44f962461.js:72
W @ render-common-f3a44f962461.js:72
U @ render-common-f3a44f962461.js:72
W @ render-common-f3a44f962461.js:72
U @ render-common-f3a44f962461.js:72
W @ render-common-f3a44f962461.js:72
U @ render-common-f3a44f962461.js:72
W @ render-common-f3a44f962461.js:72
U @ render-common-f3a44f962461.js:72
W @ render-common-f3a44f962461.js:72
U @ render-common-f3a44f962461.js:72
W @ render-common-f3a44f962461.js:72
U @ render-common-f3a44f962461.js:72
W @ render-common-f3a44f962461.js:72
U @ render-common-f3a44f962461.js:72
W @ render-common-f3a44f962461.js:72
U @ render-common-f3a44f962461.js:72
W @ render-common-f3a44f962461.js:72
U @ render-common-f3a44f962461.js:72
W @ render-common-f3a44f962461.js:72
U @ render-common-f3a44f962461.js:72
W @ render-common-f3a44f962461.js:72
U @ render-common-f3a44f962461.js:72
W @ render-common-f3a44f962461.js:72
U @ render-common-f3a44f962461.js:72
W @ render-common-f3a44f962461.js:72
U @ render-common-f3a44f962461.js:72
W @ render-common-f3a44f962461.js:72
U @ render-common-f3a44f962461.js:72
W @ render-common-f3a44f962461.js:72
U @ render-common-f3a44f962461.js:72
W @ render-common-f3a44f962461.js:72
U @ render-common-f3a44f962461.js:72
W @ render-common-f3a44f962461.js:72
U @ render-common-f3a44f962461.js:72
W @ render-common-f3a44f962461.js:72
U @ render-common-f3a44f962461.js:72
W @ render-common-f3a44f962461.js:72
U @ render-common-f3a44f962461.js:72
setTimeout
k @ render-common-f3a44f962461.js:65
M @ render-common-f3a44f962461.js:65
e.unstable_scheduleCallback @ render-common-f3a44f962461.js:65
$l @ render-common-f3a44f962461.js:72
wl @ render-common-f3a44f962461.js:72
Cl @ render-common-f3a44f962461.js:72
hu @ render-common-f3a44f962461.js:72
Su.render.xu.render @ render-common-f3a44f962461.js:72
render @ render-common-f3a44f962461.js:275
Lc @ main-cb5551f02e62.js:19
await in Lc
(anonymous) @ main-cb5551f02e62.js:19
Promise.then
(anonymous) @ main-cb5551f02e62.js:19
common-abc47929c5fe.js:57 Failed to execute 'postMessage' on 'DOMWindow': The target origin provided ('https://online-store-web.shopifyapps.com') does not match the recipient window's origin ('https://admin.shopify.com').
value @ common-abc47929c5fe.js:57
(anonymous) @ common-abc47929c5fe.js:57
value @ common-abc47929c5fe.js:57
Bte @ common-abc47929c5fe.js:57
(anonymous) @ common-abc47929c5fe.js:57
l @ common-abc47929c5fe.js:57
(anonymous) @ common-abc47929c5fe.js:57
v8 @ common-abc47929c5fe.js:57
o @ common-abc47929c5fe.js:57
Promise.then
v8 @ common-abc47929c5fe.js:57
o @ common-abc47929c5fe.js:57
Promise.then
v8 @ common-abc47929c5fe.js:57
o @ common-abc47929c5fe.js:57
(anonymous) @ common-abc47929c5fe.js:57
(anonymous) @ common-abc47929c5fe.js:57
(anonymous) @ common-abc47929c5fe.js:57
(anonymous) @ common-abc47929c5fe.js:57
l @ common-abc47929c5fe.js:57
(anonymous) @ common-abc47929c5fe.js:57
v8 @ common-abc47929c5fe.js:57
o @ common-abc47929c5fe.js:57
(anonymous) @ common-abc47929c5fe.js:57
(anonymous) @ common-abc47929c5fe.js:57
zte @ common-abc47929c5fe.js:57
(anonymous) @ common-abc47929c5fe.js:141
Dc @ render-common-f3a44f962461.js:72
Gl @ render-common-f3a44f962461.js:72
(anonymous) @ render-common-f3a44f962461.js:72
x @ render-common-f3a44f962461.js:65
O @ render-common-f3a44f962461.js:65
setTimeout
k @ render-common-f3a44f962461.js:65
O @ render-common-f3a44f962461.js:65
setTimeout
k @ render-common-f3a44f962461.js:65
O @ render-common-f3a44f962461.js:65
setTimeout
k @ render-common-f3a44f962461.js:65
O @ render-common-f3a44f962461.js:65
setTimeout
k @ render-common-f3a44f962461.js:65
O @ render-common-f3a44f962461.js:65
setTimeout
k @ render-common-f3a44f962461.js:65
O @ render-common-f3a44f962461.js:65
setTimeout
k @ render-common-f3a44f962461.js:65
O @ render-common-f3a44f962461.js:65
setTimeout
k @ render-common-f3a44f962461.js:65
O @ render-common-f3a44f962461.js:65
setTimeout
k @ render-common-f3a44f962461.js:65
O @ render-common-f3a44f962461.js:65
setTimeout
k @ render-common-f3a44f962461.js:65
O @ render-common-f3a44f962461.js:65
setTimeout
k @ render-common-f3a44f962461.js:65
O @ render-common-f3a44f962461.js:65
setTimeout
k @ render-common-f3a44f962461.js:65
M @ render-common-f3a44f962461.js:65
e.unstable_scheduleCallback @ render-common-f3a44f962461.js:65
$l @ render-common-f3a44f962461.js:72
wl @ render-common-f3a44f962461.js:72
Yl @ render-common-f3a44f962461.js:72
Zl @ render-common-f3a44f962461.js:72
Promise.then
(anonymous) @ render-common-f3a44f962461.js:72
Rc @ render-common-f3a44f962461.js:72
W @ render-common-f3a44f962461.js:72
U @ render-common-f3a44f962461.js:72
W @ render-common-f3a44f962461.js:72
U @ render-common-f3a44f962461.js:72
W @ render-common-f3a44f962461.js:72
U @ render-common-f3a44f962461.js:72
W @ render-common-f3a44f962461.js:72
U @ render-common-f3a44f962461.js:72
W @ render-common-f3a44f962461.js:72
U @ render-common-f3a44f962461.js:72
W @ render-common-f3a44f962461.js:72
U @ render-common-f3a44f962461.js:72
W @ render-common-f3a44f962461.js:72
U @ render-common-f3a44f962461.js:72
W @ render-common-f3a44f962461.js:72
U @ render-common-f3a44f962461.js:72
W @ render-common-f3a44f962461.js:72
U @ render-common-f3a44f962461.js:72
W @ render-common-f3a44f962461.js:72
U @ render-common-f3a44f962461.js:72
W @ render-common-f3a44f962461.js:72
U @ render-common-f3a44f962461.js:72
W @ render-common-f3a44f962461.js:72
U @ render-common-f3a44f962461.js:72
W @ render-common-f3a44f962461.js:72
U @ render-common-f3a44f962461.js:72
W @ render-common-f3a44f962461.js:72
U @ render-common-f3a44f962461.js:72
W @ render-common-f3a44f962461.js:72
U @ render-common-f3a44f962461.js:72
W @ render-common-f3a44f962461.js:72
U @ render-common-f3a44f962461.js:72
W @ render-common-f3a44f962461.js:72
U @ render-common-f3a44f962461.js:72
W @ render-common-f3a44f962461.js:72
U @ render-common-f3a44f962461.js:72
W @ render-common-f3a44f962461.js:72
U @ render-common-f3a44f962461.js:72
W @ render-common-f3a44f962461.js:72
U @ render-common-f3a44f962461.js:72
W @ render-common-f3a44f962461.js:72
U @ render-common-f3a44f962461.js:72
W @ render-common-f3a44f962461.js:72
U @ render-common-f3a44f962461.js:72
W @ render-common-f3a44f962461.js:72
U @ render-common-f3a44f962461.js:72
W @ render-common-f3a44f962461.js:72
U @ render-common-f3a44f962461.js:72
W @ render-common-f3a44f962461.js:72
U @ render-common-f3a44f962461.js:72
W @ render-common-f3a44f962461.js:72
U @ render-common-f3a44f962461.js:72
W @ render-common-f3a44f962461.js:72
U @ render-common-f3a44f962461.js:72
W @ render-common-f3a44f962461.js:72
U @ render-common-f3a44f962461.js:72
W @ render-common-f3a44f962461.js:72
U @ render-common-f3a44f962461.js:72
W @ render-common-f3a44f962461.js:72
U @ render-common-f3a44f962461.js:72
W @ render-common-f3a44f962461.js:72
U @ render-common-f3a44f962461.js:72
W @ render-common-f3a44f962461.js:72
U @ render-common-f3a44f962461.js:72
W @ render-common-f3a44f962461.js:72
U @ render-common-f3a44f962461.js:72
W @ render-common-f3a44f962461.js:72
U @ render-common-f3a44f962461.js:72
W @ render-common-f3a44f962461.js:72
U @ render-common-f3a44f962461.js:72
W @ render-common-f3a44f962461.js:72
U @ render-common-f3a44f962461.js:72
W @ render-common-f3a44f962461.js:72
U @ render-common-f3a44f962461.js:72
W @ render-common-f3a44f962461.js:72
U @ render-common-f3a44f962461.js:72
W @ render-common-f3a44f962461.js:72
U @ render-common-f3a44f962461.js:72
W @ render-common-f3a44f962461.js:72
U @ render-common-f3a44f962461.js:72
W @ render-common-f3a44f962461.js:72
U @ render-common-f3a44f962461.js:72
W @ render-common-f3a44f962461.js:72
U @ render-common-f3a44f962461.js:72
W @ render-common-f3a44f962461.js:72
U @ render-common-f3a44f962461.js:72
W @ render-common-f3a44f962461.js:72
U @ render-common-f3a44f962461.js:72
W @ render-common-f3a44f962461.js:72
U @ render-common-f3a44f962461.js:72
W @ render-common-f3a44f962461.js:72
U @ render-common-f3a44f962461.js:72
W @ render-common-f3a44f962461.js:72
U @ render-common-f3a44f962461.js:72
W @ render-common-f3a44f962461.js:72
U @ render-common-f3a44f962461.js:72
W @ render-common-f3a44f962461.js:72
U @ render-common-f3a44f962461.js:72
W @ render-common-f3a44f962461.js:72
U @ render-common-f3a44f962461.js:72
W @ render-common-f3a44f962461.js:72
U @ render-common-f3a44f962461.js:72
W @ render-common-f3a44f962461.js:72
U @ render-common-f3a44f962461.js:72
W @ render-common-f3a44f962461.js:72
U @ render-common-f3a44f962461.js:72
W @ render-common-f3a44f962461.js:72
U @ render-common-f3a44f962461.js:72
W @ render-common-f3a44f962461.js:72
U @ render-common-f3a44f962461.js:72
W @ render-common-f3a44f962461.js:72
U @ render-common-f3a44f962461.js:72
W @ render-common-f3a44f962461.js:72
U @ render-common-f3a44f962461.js:72
W @ render-common-f3a44f962461.js:72
U @ render-common-f3a44f962461.js:72
W @ render-common-f3a44f962461.js:72
U @ render-common-f3a44f962461.js:72
W @ render-common-f3a44f962461.js:72
U @ render-common-f3a44f962461.js:72
W @ render-common-f3a44f962461.js:72
U @ render-common-f3a44f962461.js:72
W @ render-common-f3a44f962461.js:72
U @ render-common-f3a44f962461.js:72
W @ render-common-f3a44f962461.js:72
U @ render-common-f3a44f962461.js:72
W @ render-common-f3a44f962461.js:72
U @ render-common-f3a44f962461.js:72
W @ render-common-f3a44f962461.js:72
U @ render-common-f3a44f962461.js:72
W @ render-common-f3a44f962461.js:72
U @ render-common-f3a44f962461.js:72
W @ render-common-f3a44f962461.js:72
U @ render-common-f3a44f962461.js:72
W @ render-common-f3a44f962461.js:72
U @ render-common-f3a44f962461.js:72
W @ render-common-f3a44f962461.js:72
U @ render-common-f3a44f962461.js:72
W @ render-common-f3a44f962461.js:72
U @ render-common-f3a44f962461.js:72
W @ render-common-f3a44f962461.js:72
U @ render-common-f3a44f962461.js:72
W @ render-common-f3a44f962461.js:72
U @ render-common-f3a44f962461.js:72
W @ render-common-f3a44f962461.js:72
U @ render-common-f3a44f962461.js:72
W @ render-common-f3a44f962461.js:72
U @ render-common-f3a44f962461.js:72
W @ render-common-f3a44f962461.js:72
U @ render-common-f3a44f962461.js:72
W @ render-common-f3a44f962461.js:72
U @ render-common-f3a44f962461.js:72
W @ render-common-f3a44f962461.js:72
U @ render-common-f3a44f962461.js:72
W @ render-common-f3a44f962461.js:72
U @ render-common-f3a44f962461.js:72
W @ render-common-f3a44f962461.js:72
U @ render-common-f3a44f962461.js:72
W @ render-common-f3a44f962461.js:72
U @ render-common-f3a44f962461.js:72
W @ render-common-f3a44f962461.js:72
U @ render-common-f3a44f962461.js:72
W @ render-common-f3a44f962461.js:72
U @ render-common-f3a44f962461.js:72
W @ render-common-f3a44f962461.js:72
U @ render-common-f3a44f962461.js:72
W @ render-common-f3a44f962461.js:72
U @ render-common-f3a44f962461.js:72
W @ render-common-f3a44f962461.js:72
U @ render-common-f3a44f962461.js:72
W @ render-common-f3a44f962461.js:72
U @ render-common-f3a44f962461.js:72
W @ render-common-f3a44f962461.js:72
U @ render-common-f3a44f962461.js:72
W @ render-common-f3a44f962461.js:72
U @ render-common-f3a44f962461.js:72
W @ render-common-f3a44f962461.js:72
U @ render-common-f3a44f962461.js:72
W @ render-common-f3a44f962461.js:72
U @ render-common-f3a44f962461.js:72
W @ render-common-f3a44f962461.js:72
U @ render-common-f3a44f962461.js:72
W @ render-common-f3a44f962461.js:72
U @ render-common-f3a44f962461.js:72
W @ render-common-f3a44f962461.js:72
U @ render-common-f3a44f962461.js:72
W @ render-common-f3a44f962461.js:72
U @ render-common-f3a44f962461.js:72
W @ render-common-f3a44f962461.js:72
U @ render-common-f3a44f962461.js:72
W @ render-common-f3a44f962461.js:72
U @ render-common-f3a44f962461.js:72
W @ render-common-f3a44f962461.js:72
U @ render-common-f3a44f962461.js:72
W @ render-common-f3a44f962461.js:72
U @ render-common-f3a44f962461.js:72
W @ render-common-f3a44f962461.js:72
U @ render-common-f3a44f962461.js:72
setTimeout
k @ render-common-f3a44f962461.js:65
M @ render-common-f3a44f962461.js:65
e.unstable_scheduleCallback @ render-common-f3a44f962461.js:65
$l @ render-common-f3a44f962461.js:72
wl @ render-common-f3a44f962461.js:72
Cl @ render-common-f3a44f962461.js:72
hu @ render-common-f3a44f962461.js:72
Su.render.xu.render @ render-common-f3a44f962461.js:72
render @ render-common-f3a44f962461.js:275
Lc @ main-cb5551f02e62.js:19
await in Lc
(anonymous) @ main-cb5551f02e62.js:19
Promise.then
(anonymous) @ main-cb5551f02e62.js:19
zzmh64-xh.myshopify.com/?oseid=FEg3Vg3FfDb5e5yeyWtcQhac:1  Failed to load resource: the server responded with a status of 404 ()
?oseid=FEg3Vg3FfDb5e5yeyWtcQhac:1  Failed to load resource: the server responded with a status of 404 ()
?oseid=FEg3Vg3FfDb5e5yeyWtcQhac:1  Failed to load resource: the server responded with a status of 404 ()
  GET https://zzmh64-xh.myshopify.com/?oseid=FEg3Vg3FfDb5e5yeyWtcQhac 404 (Not Found)
Cg @ production-1b56020f572006792876125093a704cc3eca53e8.1.js:8
Cg @ production-1b56020f572006792876125093a704cc3eca53e8.1.js:8
Cg @ production-1b56020f572006792876125093a704cc3eca53e8.1.js:8
Cg @ production-1b56020f572006792876125093a704cc3eca53e8.1.js:8
Cg @ production-1b56020f572006792876125093a704cc3eca53e8.1.js:8
Cg @ production-1b56020f572006792876125093a704cc3eca53e8.1.js:8
Cg @ production-1b56020f572006792876125093a704cc3eca53e8.1.js:8
Cg @ production-1b56020f572006792876125093a704cc3eca53e8.1.js:8
Cg @ production-1b56020f572006792876125093a704cc3eca53e8.1.js:8
Cg @ production-1b56020f572006792876125093a704cc3eca53e8.1.js:8
Cg @ production-1b56020f572006792876125093a704cc3eca53e8.1.js:8
Cg @ production-1b56020f572006792876125093a704cc3eca53e8.1.js:8
Cg @ production-1b56020f572006792876125093a704cc3eca53e8.1.js:8
Cg @ production-1b56020f572006792876125093a704cc3eca53e8.1.js:8
Cg @ production-1b56020f572006792876125093a704cc3eca53e8.1.js:8
Cg @ production-1b56020f572006792876125093a704cc3eca53e8.1.js:8
Cg @ production-1b56020f572006792876125093a704cc3eca53e8.1.js:8
Cg @ production-1b56020f572006792876125093a704cc3eca53e8.1.js:8
Cg @ production-1b56020f572006792876125093a704cc3eca53e8.1.js:8
Cg @ production-1b56020f572006792876125093a704cc3eca53e8.1.js:8
Cg @ production-1b56020f572006792876125093a704cc3eca53e8.1.js:8
Cg @ production-1b56020f572006792876125093a704cc3eca53e8.1.js:8
Cg @ production-1b56020f572006792876125093a704cc3eca53e8.1.js:8
Cg @ production-1b56020f572006792876125093a704cc3eca53e8.1.js:8
Cg @ production-1b56020f572006792876125093a704cc3eca53e8.1.js:8
Cg @ production-1b56020f572006792876125093a704cc3eca53e8.1.js:8
Cg @ production-1b56020f572006792876125093a704cc3eca53e8.1.js:8
Cg @ production-1b56020f572006792876125093a704cc3eca53e8.1.js:8
Cg @ production-1b56020f572006792876125093a704cc3eca53e8.1.js:8
Cg @ production-1b56020f572006792876125093a704cc3eca53e8.1.js:8
Cg @ production-1b56020f572006792876125093a704cc3eca53e8.1.js:8
Cg @ production-1b56020f572006792876125093a704cc3eca53e8.1.js:8
Cg @ production-1b56020f572006792876125093a704cc3eca53e8.1.js:8
Cg @ production-1b56020f572006792876125093a704cc3eca53e8.1.js:8
Cg @ production-1b56020f572006792876125093a704cc3eca53e8.1.js:8
Cg @ production-1b56020f572006792876125093a704cc3eca53e8.1.js:8
Cg @ production-1b56020f572006792876125093a704cc3eca53e8.1.js:8
Cg @ production-1b56020f572006792876125093a704cc3eca53e8.1.js:8
Cg @ production-1b56020f572006792876125093a704cc3eca53e8.1.js:8
Cg @ production-1b56020f572006792876125093a704cc3eca53e8.1.js:8
Cg @ production-1b56020f572006792876125093a704cc3eca53e8.1.js:8
Cg @ production-1b56020f572006792876125093a704cc3eca53e8.1.js:8
Cg @ production-1b56020f572006792876125093a704cc3eca53e8.1.js:8
Cg @ production-1b56020f572006792876125093a704cc3eca53e8.1.js:8
Cg @ production-1b56020f572006792876125093a704cc3eca53e8.1.js:8
Cg @ production-1b56020f572006792876125093a704cc3eca53e8.1.js:8
Ma @ production-1b56020f572006792876125093a704cc3eca53e8.1.js:8
$E @ production-1b56020f572006792876125093a704cc3eca53e8.1.js:8
ya @ production-1b56020f572006792876125093a704cc3eca53e8.1.js:8
$E @ production-1b56020f572006792876125093a704cc3eca53e8.1.js:8
ya @ production-1b56020f572006792876125093a704cc3eca53e8.1.js:8
$E @ production-1b56020f572006792876125093a704cc3eca53e8.1.js:8
ya @ production-1b56020f572006792876125093a704cc3eca53e8.1.js:8
$E @ production-1b56020f572006792876125093a704cc3eca53e8.1.js:8
ya @ production-1b56020f572006792876125093a704cc3eca53e8.1.js:8
$E @ production-1b56020f572006792876125093a704cc3eca53e8.1.js:8
ya @ production-1b56020f572006792876125093a704cc3eca53e8.1.js:8
$E @ production-1b56020f572006792876125093a704cc3eca53e8.1.js:8
ya @ production-1b56020f572006792876125093a704cc3eca53e8.1.js:8
$E @ production-1b56020f572006792876125093a704cc3eca53e8.1.js:8
ya @ production-1b56020f572006792876125093a704cc3eca53e8.1.js:8
$E @ production-1b56020f572006792876125093a704cc3eca53e8.1.js:8
ya @ production-1b56020f572006792876125093a704cc3eca53e8.1.js:8
$E @ production-1b56020f572006792876125093a704cc3eca53e8.1.js:8
ya @ production-1b56020f572006792876125093a704cc3eca53e8.1.js:8
$E @ production-1b56020f572006792876125093a704cc3eca53e8.1.js:8
ya @ production-1b56020f572006792876125093a704cc3eca53e8.1.js:8
$E @ production-1b56020f572006792876125093a704cc3eca53e8.1.js:8
ya @ production-1b56020f572006792876125093a704cc3eca53e8.1.js:8
$E @ production-1b56020f572006792876125093a704cc3eca53e8.1.js:8
ya @ production-1b56020f572006792876125093a704cc3eca53e8.1.js:8
$E @ production-1b56020f572006792876125093a704cc3eca53e8.1.js:8
ya @ production-1b56020f572006792876125093a704cc3eca53e8.1.js:8
$E @ production-1b56020f572006792876125093a704cc3eca53e8.1.js:8
ya @ production-1b56020f572006792876125093a704cc3eca53e8.1.js:8
$E @ production-1b56020f572006792876125093a704cc3eca53e8.1.js:8
ya @ production-1b56020f572006792876125093a704cc3eca53e8.1.js:8
$E @ production-1b56020f572006792876125093a704cc3eca53e8.1.js:8
ya @ production-1b56020f572006792876125093a704cc3eca53e8.1.js:8
$E @ production-1b56020f572006792876125093a704cc3eca53e8.1.js:8
ya @ production-1b56020f572006792876125093a704cc3eca53e8.1.js:8
$E @ production-1b56020f572006792876125093a704cc3eca53e8.1.js:8
ya @ production-1b56020f572006792876125093a704cc3eca53e8.1.js:8
$E @ production-1b56020f572006792876125093a704cc3eca53e8.1.js:8
ya @ production-1b56020f572006792876125093a704cc3eca53e8.1.js:8
$E @ production-1b56020f572006792876125093a704cc3eca53e8.1.js:8
ya @ production-1b56020f572006792876125093a704cc3eca53e8.1.js:8
$E @ production-1b56020f572006792876125093a704cc3eca53e8.1.js:8
ya @ production-1b56020f572006792876125093a704cc3eca53e8.1.js:8
$E @ production-1b56020f572006792876125093a704cc3eca53e8.1.js:8
ya @ production-1b56020f572006792876125093a704cc3eca53e8.1.js:8
$E @ production-1b56020f572006792876125093a704cc3eca53e8.1.js:8
ya @ production-1b56020f572006792876125093a704cc3eca53e8.1.js:8
$E @ production-1b56020f572006792876125093a704cc3eca53e8.1.js:8
ya @ production-1b56020f572006792876125093a704cc3eca53e8.1.js:8
$E @ production-1b56020f572006792876125093a704cc3eca53e8.1.js:8
ya @ production-1b56020f572006792876125093a704cc3eca53e8.1.js:8
$E @ production-1b56020f572006792876125093a704cc3eca53e8.1.js:8
ya @ production-1b56020f572006792876125093a704cc3eca53e8.1.js:8
$E @ production-1b56020f572006792876125093a704cc3eca53e8.1.js:8
ya @ production-1b56020f572006792876125093a704cc3eca53e8.1.js:8
$E @ production-1b56020f572006792876125093a704cc3eca53e8.1.js:8
ya @ production-1b56020f572006792876125093a704cc3eca53e8.1.js:8
$E @ production-1b56020f572006792876125093a704cc3eca53e8.1.js:8
ya @ production-1b56020f572006792876125093a704cc3eca53e8.1.js:8
$E @ production-1b56020f572006792876125093a704cc3eca53e8.1.js:8
ya @ production-1b56020f572006792876125093a704cc3eca53e8.1.js:8
$E @ production-1b56020f572006792876125093a704cc3eca53e8.1.js:8
ya @ production-1b56020f572006792876125093a704cc3eca53e8.1.js:8
$E @ production-1b56020f572006792876125093a704cc3eca53e8.1.js:8
ya @ production-1b56020f572006792876125093a704cc3eca53e8.1.js:8
$E @ production-1b56020f572006792876125093a704cc3eca53e8.1.js:8
ya @ production-1b56020f572006792876125093a704cc3eca53e8.1.js:8
$E @ production-1b56020f572006792876125093a704cc3eca53e8.1.js:8
ya @ production-1b56020f572006792876125093a704cc3eca53e8.1.js:8
$E @ production-1b56020f572006792876125093a704cc3eca53e8.1.js:8
ya @ production-1b56020f572006792876125093a704cc3eca53e8.1.js:8
$E @ production-1b56020f572006792876125093a704cc3eca53e8.1.js:8
ya @ production-1b56020f572006792876125093a704cc3eca53e8.1.js:8
$E @ production-1b56020f572006792876125093a704cc3eca53e8.1.js:8
ya @ production-1b56020f572006792876125093a704cc3eca53e8.1.js:8
$E @ production-1b56020f572006792876125093a704cc3eca53e8.1.js:8
ya @ production-1b56020f572006792876125093a704cc3eca53e8.1.js:8
$E @ production-1b56020f572006792876125093a704cc3eca53e8.1.js:8
ya @ production-1b56020f572006792876125093a704cc3eca53e8.1.js:8
$E @ production-1b56020f572006792876125093a704cc3eca53e8.1.js:8
ya @ production-1b56020f572006792876125093a704cc3eca53e8.1.js:8
$E @ production-1b56020f572006792876125093a704cc3eca53e8.1.js:8
ya @ production-1b56020f572006792876125093a704cc3eca53e8.1.js:8
$E @ production-1b56020f572006792876125093a704cc3eca53e8.1.js:8
ya @ production-1b56020f572006792876125093a704cc3eca53e8.1.js:8
$E @ production-1b56020f572006792876125093a704cc3eca53e8.1.js:8
ya @ production-1b56020f572006792876125093a704cc3eca53e8.1.js:8
$E @ production-1b56020f572006792876125093a704cc3eca53e8.1.js:8
ya @ production-1b56020f572006792876125093a704cc3eca53e8.1.js:8
$E @ production-1b56020f572006792876125093a704cc3eca53e8.1.js:8
ya @ production-1b56020f572006792876125093a704cc3eca53e8.1.js:8
$E @ production-1b56020f572006792876125093a704cc3eca53e8.1.js:8
ya @ production-1b56020f572006792876125093a704cc3eca53e8.1.js:8
$E @ production-1b56020f572006792876125093a704cc3eca53e8.1.js:8
ya @ production-1b56020f572006792876125093a704cc3eca53e8.1.js:8
$E @ production-1b56020f572006792876125093a704cc3eca53e8.1.js:8
ya @ production-1b56020f572006792876125093a704cc3eca53e8.1.js:8
$E @ production-1b56020f572006792876125093a704cc3eca53e8.1.js:8
ya @ production-1b56020f572006792876125093a704cc3eca53e8.1.js:8
$E @ production-1b56020f572006792876125093a704cc3eca53e8.1.js:8
ya @ production-1b56020f572006792876125093a704cc3eca53e8.1.js:8
$E @ production-1b56020f572006792876125093a704cc3eca53e8.1.js:8
ya @ production-1b56020f572006792876125093a704cc3eca53e8.1.js:8
$E @ production-1b56020f572006792876125093a704cc3eca53e8.1.js:8
ya @ production-1b56020f572006792876125093a704cc3eca53e8.1.js:8
$E @ production-1b56020f572006792876125093a704cc3eca53e8.1.js:8
ya @ production-1b56020f572006792876125093a704cc3eca53e8.1.js:8
$E @ production-1b56020f572006792876125093a704cc3eca53e8.1.js:8
ya @ production-1b56020f572006792876125093a704cc3eca53e8.1.js:8
$E @ production-1b56020f572006792876125093a704cc3eca53e8.1.js:8
ya @ production-1b56020f572006792876125093a704cc3eca53e8.1.js:8
$E @ production-1b56020f572006792876125093a704cc3eca53e8.1.js:8
ya @ production-1b56020f572006792876125093a704cc3eca53e8.1.js:8
$E @ production-1b56020f572006792876125093a704cc3eca53e8.1.js:8
ya @ production-1b56020f572006792876125093a704cc3eca53e8.1.js:8
$E @ production-1b56020f572006792876125093a704cc3eca53e8.1.js:8
ya @ production-1b56020f572006792876125093a704cc3eca53e8.1.js:8
$E @ production-1b56020f572006792876125093a704cc3eca53e8.1.js:8
ya @ production-1b56020f572006792876125093a704cc3eca53e8.1.js:8
$E @ production-1b56020f572006792876125093a704cc3eca53e8.1.js:8
ya @ production-1b56020f572006792876125093a704cc3eca53e8.1.js:8
$E @ production-1b56020f572006792876125093a704cc3eca53e8.1.js:8
ya @ production-1b56020f572006792876125093a704cc3eca53e8.1.js:8
$E @ production-1b56020f572006792876125093a704cc3eca53e8.1.js:8
ya @ production-1b56020f572006792876125093a704cc3eca53e8.1.js:8
$E @ production-1b56020f572006792876125093a704cc3eca53e8.1.js:8
ya @ production-1b56020f572006792876125093a704cc3eca53e8.1.js:8
$E @ production-1b56020f572006792876125093a704cc3eca53e8.1.js:8
ya @ production-1b56020f572006792876125093a704cc3eca53e8.1.js:8
$E @ production-1b56020f572006792876125093a704cc3eca53e8.1.js:8
ya @ production-1b56020f572006792876125093a704cc3eca53e8.1.js:8
$E @ production-1b56020f572006792876125093a704cc3eca53e8.1.js:8
ya @ production-1b56020f572006792876125093a704cc3eca53e8.1.js:8
$E @ production-1b56020f572006792876125093a704cc3eca53e8.1.js:8
ya @ production-1b56020f572006792876125093a704cc3eca53e8.1.js:8
$E @ production-1b56020f572006792876125093a704cc3eca53e8.1.js:8
ya @ production-1b56020f572006792876125093a704cc3eca53e8.1.js:8
$E @ production-1b56020f572006792876125093a704cc3eca53e8.1.js:8
ya @ production-1b56020f572006792876125093a704cc3eca53e8.1.js:8
$E @ production-1b56020f572006792876125093a704cc3eca53e8.1.js:8
ya @ production-1b56020f572006792876125093a704cc3eca53e8.1.js:8
$E @ production-1b56020f572006792876125093a704cc3eca53e8.1.js:8
ya @ production-1b56020f572006792876125093a704cc3eca53e8.1.js:8
$E @ production-1b56020f572006792876125093a704cc3eca53e8.1.js:8
ya @ production-1b56020f572006792876125093a704cc3eca53e8.1.js:8
$E @ production-1b56020f572006792876125093a704cc3eca53e8.1.js:8
ya @ production-1b56020f572006792876125093a704cc3eca53e8.1.js:8
$E @ production-1b56020f572006792876125093a704cc3eca53e8.1.js:8
ya @ production-1b56020f572006792876125093a704cc3eca53e8.1.js:8
$E @ production-1b56020f572006792876125093a704cc3eca53e8.1.js:8
ya @ production-1b56020f572006792876125093a704cc3eca53e8.1.js:8
$E @ production-1b56020f572006792876125093a704cc3eca53e8.1.js:8
ya @ production-1b56020f572006792876125093a704cc3eca53e8.1.js:8
$E @ production-1b56020f572006792876125093a704cc3eca53e8.1.js:8
postMessage
F @ production-1b56020f572006792876125093a704cc3eca53e8.1.js:1
fe @ production-1b56020f572006792876125093a704cc3eca53e8.1.js:1
e.unstable_scheduleCallback @ production-1b56020f572006792876125093a704cc3eca53e8.1.js:1
rA @ production-1b56020f572006792876125093a704cc3eca53e8.1.js:8
Cn @ production-1b56020f572006792876125093a704cc3eca53e8.1.js:8
_a @ production-1b56020f572006792876125093a704cc3eca53e8.1.js:8
hj @ production-1b56020f572006792876125093a704cc3eca53e8.1.js:6
c @ Editor-1b56020f572006792876125093a704cc3eca53e8.1.js:302
await in c
(anonymous) @ Editor-1b56020f572006792876125093a704cc3eca53e8.1.js:302
Dd @ production-1b56020f572006792876125093a704cc3eca53e8.1.js:8
$s @ production-1b56020f572006792876125093a704cc3eca53e8.1.js:8
(anonymous) @ production-1b56020f572006792876125093a704cc3eca53e8.1.js:8
A @ production-1b56020f572006792876125093a704cc3eca53e8.1.js:1
M @ production-1b56020f572006792876125093a704cc3eca53e8.1.js:1
postMessage
F @ production-1b56020f572006792876125093a704cc3eca53e8.1.js:1
M @ production-1b56020f572006792876125093a704cc3eca53e8.1.js:1
postMessage
F @ production-1b56020f572006792876125093a704cc3eca53e8.1.js:1
M @ production-1b56020f572006792876125093a704cc3eca53e8.1.js:1
postMessage
F @ production-1b56020f572006792876125093a704cc3eca53e8.1.js:1
fe @ production-1b56020f572006792876125093a704cc3eca53e8.1.js:1
e.unstable_scheduleCallback @ production-1b56020f572006792876125093a704cc3eca53e8.1.js:1
rA @ production-1b56020f572006792876125093a704cc3eca53e8.1.js:8
Cn @ production-1b56020f572006792876125093a704cc3eca53e8.1.js:8
eA @ production-1b56020f572006792876125093a704cc3eca53e8.1.js:8
zj @ production-1b56020f572006792876125093a704cc3eca53e8.1.js:8
Promise.then
(anonymous) @ production-1b56020f572006792876125093a704cc3eca53e8.1.js:8
qE @ production-1b56020f572006792876125093a704cc3eca53e8.1.js:8
$E @ production-1b56020f572006792876125093a704cc3eca53e8.1.js:8
ya @ production-1b56020f572006792876125093a704cc3eca53e8.1.js:8
$E @ production-1b56020f572006792876125093a704cc3eca53e8.1.js:8
ya @ production-1b56020f572006792876125093a704cc3eca53e8.1.js:8
$E @ production-1b56020f572006792876125093a704cc3eca53e8.1.js:8
ya @ production-1b56020f572006792876125093a704cc3eca53e8.1.js:8
$E @ production-1b56020f572006792876125093a704cc3eca53e8.1.js:8
ya @ production-1b56020f572006792876125093a704cc3eca53e8.1.js:8
$E @ production-1b56020f572006792876125093a704cc3eca53e8.1.js:8
ya @ production-1b56020f572006792876125093a704cc3eca53e8.1.js:8
$E @ production-1b56020f572006792876125093a704cc3eca53e8.1.js:8
ya @ production-1b56020f572006792876125093a704cc3eca53e8.1.js:8
$E @ production-1b56020f572006792876125093a704cc3eca53e8.1.js:8
ya @ production-1b56020f572006792876125093a704cc3eca53e8.1.js:8
$E @ production-1b56020f572006792876125093a704cc3eca53e8.1.js:8
ya @ production-1b56020f572006792876125093a704cc3eca53e8.1.js:8
$E @ production-1b56020f572006792876125093a704cc3eca53e8.1.js:8
ya @ production-1b56020f572006792876125093a704cc3eca53e8.1.js:8
$E @ production-1b56020f572006792876125093a704cc3eca53e8.1.js:8
ya @ production-1b56020f572006792876125093a704cc3eca53e8.1.js:8
$E @ production-1b56020f572006792876125093a704cc3eca53e8.1.js:8
ya @ production-1b56020f572006792876125093a704cc3eca53e8.1.js:8
$E @ production-1b56020f572006792876125093a704cc3eca53e8.1.js:8
ya @ production-1b56020f572006792876125093a704cc3eca53e8.1.js:8
$E @ production-1b56020f572006792876125093a704cc3eca53e8.1.js:8
ya @ production-1b56020f572006792876125093a704cc3eca53e8.1.js:8
$E @ production-1b56020f572006792876125093a704cc3eca53e8.1.js:8
ya @ production-1b56020f572006792876125093a704cc3eca53e8.1.js:8
$E @ production-1b56020f572006792876125093a704cc3eca53e8.1.js:8
ya @ production-1b56020f572006792876125093a704cc3eca53e8.1.js:8
$E @ production-1b56020f572006792876125093a704cc3eca53e8.1.js:8
ya @ production-1b56020f572006792876125093a704cc3eca53e8.1.js:8
$E @ production-1b56020f572006792876125093a704cc3eca53e8.1.js:8
ya @ production-1b56020f572006792876125093a704cc3eca53e8.1.js:8
$E @ production-1b56020f572006792876125093a704cc3eca53e8.1.js:8
ya @ production-1b56020f572006792876125093a704cc3eca53e8.1.js:8
$E @ production-1b56020f572006792876125093a704cc3eca53e8.1.js:8
ya @ production-1b56020f572006792876125093a704cc3eca53e8.1.js:8
$E @ production-1b56020f572006792876125093a704cc3eca53e8.1.js:8
ya @ production-1b56020f572006792876125093a704cc3eca53e8.1.js:8
$E @ production-1b56020f572006792876125093a704cc3eca53e8.1.js:8
ya @ production-1b56020f572006792876125093a704cc3eca53e8.1.js:8
$E @ production-1b56020f572006792876125093a704cc3eca53e8.1.js:8
ya @ production-1b56020f572006792876125093a704cc3eca53e8.1.js:8
$E @ production-1b56020f572006792876125093a704cc3eca53e8.1.js:8
ya @ production-1b56020f572006792876125093a704cc3eca53e8.1.js:8
$E @ production-1b56020f572006792876125093a704cc3eca53e8.1.js:8
ya @ production-1b56020f572006792876125093a704cc3eca53e8.1.js:8
$E @ production-1b56020f572006792876125093a704cc3eca53e8.1.js:8
ya @ production-1b56020f572006792876125093a704cc3eca53e8.1.js:8
$E @ production-1b56020f572006792876125093a704cc3eca53e8.1.js:8
ya @ production-1b56020f572006792876125093a704cc3eca53e8.1.js:8
$E @ production-1b56020f572006792876125093a704cc3eca53e8.1.js:8
ya @ production-1b56020f572006792876125093a704cc3eca53e8.1.js:8
$E @ production-1b56020f572006792876125093a704cc3eca53e8.1.js:8
ya @ production-1b56020f572006792876125093a704cc3eca53e8.1.js:8
$E @ production-1b56020f572006792876125093a704cc3eca53e8.1.js:8
ya @ production-1b56020f572006792876125093a704cc3eca53e8.1.js:8
$E @ production-1b56020f572006792876125093a704cc3eca53e8.1.js:8
ya @ production-1b56020f572006792876125093a704cc3eca53e8.1.js:8
$E @ production-1b56020f572006792876125093a704cc3eca53e8.1.js:8
ya @ production-1b56020f572006792876125093a704cc3eca53e8.1.js:8
$E @ production-1b56020f572006792876125093a704cc3eca53e8.1.js:8
ya @ production-1b56020f572006792876125093a704cc3eca53e8.1.js:8
$E @ production-1b56020f572006792876125093a704cc3eca53e8.1.js:8
ya @ production-1b56020f572006792876125093a704cc3eca53e8.1.js:8
$E @ production-1b56020f572006792876125093a704cc3eca53e8.1.js:8
ya @ production-1b56020f572006792876125093a704cc3eca53e8.1.js:8
$E @ production-1b56020f572006792876125093a704cc3eca53e8.1.js:8
ya @ production-1b56020f572006792876125093a704cc3eca53e8.1.js:8
$E @ production-1b56020f572006792876125093a704cc3eca53e8.1.js:8
ya @ production-1b56020f572006792876125093a704cc3eca53e8.1.js:8
$E @ production-1b56020f572006792876125093a704cc3eca53e8.1.js:8
ya @ production-1b56020f572006792876125093a704cc3eca53e8.1.js:8
$E @ production-1b56020f572006792876125093a704cc3eca53e8.1.js:8
ya @ production-1b56020f572006792876125093a704cc3eca53e8.1.js:8
$E @ production-1b56020f572006792876125093a704cc3eca53e8.1.js:8
ya @ production-1b56020f572006792876125093a704cc3eca53e8.1.js:8
$E @ production-1b56020f572006792876125093a704cc3eca53e8.1.js:8
ya @ production-1b56020f572006792876125093a704cc3eca53e8.1.js:8
$E @ production-1b56020f572006792876125093a704cc3eca53e8.1.js:8
ya @ production-1b56020f572006792876125093a704cc3eca53e8.1.js:8
$E @ production-1b56020f572006792876125093a704cc3eca53e8.1.js:8
ya @ production-1b56020f572006792876125093a704cc3eca53e8.1.js:8
$E @ production-1b56020f572006792876125093a704cc3eca53e8.1.js:8
ya @ production-1b56020f572006792876125093a704cc3eca53e8.1.js:8
$E @ production-1b56020f572006792876125093a704cc3eca53e8.1.js:8
ya @ production-1b56020f572006792876125093a704cc3eca53e8.1.js:8
$E @ production-1b56020f572006792876125093a704cc3eca53e8.1.js:8
ya @ production-1b56020f572006792876125093a704cc3eca53e8.1.js:8
$E @ production-1b56020f572006792876125093a704cc3eca53e8.1.js:8
ya @ production-1b56020f572006792876125093a704cc3eca53e8.1.js:8
$E @ production-1b56020f572006792876125093a704cc3eca53e8.1.js:8
ya @ production-1b56020f572006792876125093a704cc3eca53e8.1.js:8
$E @ production-1b56020f572006792876125093a704cc3eca53e8.1.js:8
ya @ production-1b56020f572006792876125093a704cc3eca53e8.1.js:8
$E @ production-1b56020f572006792876125093a704cc3eca53e8.1.js:8
ya @ production-1b56020f572006792876125093a704cc3eca53e8.1.js:8
$E @ production-1b56020f572006792876125093a704cc3eca53e8.1.js:8
ya @ production-1b56020f572006792876125093a704cc3eca53e8.1.js:8
$E @ production-1b56020f572006792876125093a704cc3eca53e8.1.js:8
ya @ production-1b56020f572006792876125093a704cc3eca53e8.1.js:8
$E @ production-1b56020f572006792876125093a704cc3eca53e8.1.js:8
ya @ production-1b56020f572006792876125093a704cc3eca53e8.1.js:8
$E @ production-1b56020f572006792876125093a704cc3eca53e8.1.js:8
ya @ production-1b56020f572006792876125093a704cc3eca53e8.1.js:8
$E @ production-1b56020f572006792876125093a704cc3eca53e8.1.js:8
ya @ production-1b56020f572006792876125093a704cc3eca53e8.1.js:8
$E @ production-1b56020f572006792876125093a704cc3eca53e8.1.js:8
ya @ production-1b56020f572006792876125093a704cc3eca53e8.1.js:8
$E @ production-1b56020f572006792876125093a704cc3eca53e8.1.js:8
ya @ production-1b56020f572006792876125093a704cc3eca53e8.1.js:8
$E @ production-1b56020f572006792876125093a704cc3eca53e8.1.js:8
ya @ production-1b56020f572006792876125093a704cc3eca53e8.1.js:8
$E @ production-1b56020f572006792876125093a704cc3eca53e8.1.js:8
ya @ production-1b56020f572006792876125093a704cc3eca53e8.1.js:8
$E @ production-1b56020f572006792876125093a704cc3eca53e8.1.js:8
ya @ production-1b56020f572006792876125093a704cc3eca53e8.1.js:8
$E @ production-1b56020f572006792876125093a704cc3eca53e8.1.js:8
ya @ production-1b56020f572006792876125093a704cc3eca53e8.1.js:8
$E @ production-1b56020f572006792876125093a704cc3eca53e8.1.js:8
ya @ production-1b56020f572006792876125093a704cc3eca53e8.1.js:8
$E @ production-1b56020f572006792876125093a704cc3eca53e8.1.js:8
ya @ production-1b56020f572006792876125093a704cc3eca53e8.1.js:8
$E @ production-1b56020f572006792876125093a704cc3eca53e8.1.js:8
ya @ production-1b56020f572006792876125093a704cc3eca53e8.1.js:8
$E @ production-1b56020f572006792876125093a704cc3eca53e8.1.js:8
ya @ production-1b56020f572006792876125093a704cc3eca53e8.1.js:8
$E @ production-1b56020f572006792876125093a704cc3eca53e8.1.js:8
ya @ production-1b56020f572006792876125093a704cc3eca53e8.1.js:8
$E @ production-1b56020f572006792876125093a704cc3eca53e8.1.js:8
ya @ production-1b56020f572006792876125093a704cc3eca53e8.1.js:8
$E @ production-1b56020f572006792876125093a704cc3eca53e8.1.js:8
ya @ production-1b56020f572006792876125093a704cc3eca53e8.1.js:8
$E @ production-1b56020f572006792876125093a704cc3eca53e8.1.js:8
ya @ production-1b56020f572006792876125093a704cc3eca53e8.1.js:8
$E @ production-1b56020f572006792876125093a704cc3eca53e8.1.js:8
ya @ production-1b56020f572006792876125093a704cc3eca53e8.1.js:8
$E @ production-1b56020f572006792876125093a704cc3eca53e8.1.js:8
ya @ production-1b56020f572006792876125093a704cc3eca53e8.1.js:8
$E @ production-1b56020f572006792876125093a704cc3eca53e8.1.js:8
ya @ production-1b56020f572006792876125093a704cc3eca53e8.1.js:8
$E @ production-1b56020f572006792876125093a704cc3eca53e8.1.js:8
ya @ production-1b56020f572006792876125093a704cc3eca53e8.1.js:8
$E @ production-1b56020f572006792876125093a704cc3eca53e8.1.js:8
ya @ production-1b56020f572006792876125093a704cc3eca53e8.1.js:8
$E @ production-1b56020f572006792876125093a704cc3eca53e8.1.js:8
ya @ production-1b56020f572006792876125093a704cc3eca53e8.1.js:8
$E @ production-1b56020f572006792876125093a704cc3eca53e8.1.js:8
ya @ production-1b56020f572006792876125093a704cc3eca53e8.1.js:8
$E @ production-1b56020f572006792876125093a704cc3eca53e8.1.js:8
ya @ production-1b56020f572006792876125093a704cc3eca53e8.1.js:8
$E @ production-1b56020f572006792876125093a704cc3eca53e8.1.js:8
ya @ production-1b56020f572006792876125093a704cc3eca53e8.1.js:8
$E @ production-1b56020f572006792876125093a704cc3eca53e8.1.js:8
ya @ production-1b56020f572006792876125093a704cc3eca53e8.1.js:8
$E @ production-1b56020f572006792876125093a704cc3eca53e8.1.js:8
ya @ production-1b56020f572006792876125093a704cc3eca53e8.1.js:8
$E @ production-1b56020f572006792876125093a704cc3eca53e8.1.js:8
ya @ production-1b56020f572006792876125093a704cc3eca53e8.1.js:8
$E @ production-1b56020f572006792876125093a704cc3eca53e8.1.js:8
ya @ production-1b56020f572006792876125093a704cc3eca53e8.1.js:8
$E @ production-1b56020f572006792876125093a704cc3eca53e8.1.js:8
ya @ production-1b56020f572006792876125093a704cc3eca53e8.1.js:8
$E @ production-1b56020f572006792876125093a704cc3eca53e8.1.js:8
ya @ production-1b56020f572006792876125093a704cc3eca53e8.1.js:8
$E @ production-1b56020f572006792876125093a704cc3eca53e8.1.js:8
ya @ production-1b56020f572006792876125093a704cc3eca53e8.1.js:8
$E @ production-1b56020f572006792876125093a704cc3eca53e8.1.js:8
ya @ production-1b56020f572006792876125093a704cc3eca53e8.1.js:8
$E @ production-1b56020f572006792876125093a704cc3eca53e8.1.js:8
ya @ production-1b56020f572006792876125093a704cc3eca53e8.1.js:8
$E @ production-1b56020f572006792876125093a704cc3eca53e8.1.js:8
ya @ production-1b56020f572006792876125093a704cc3eca53e8.1.js:8
$E @ production-1b56020f572006792876125093a704cc3eca53e8.1.js:8
ya @ production-1b56020f572006792876125093a704cc3eca53e8.1.js:8
$E @ production-1b56020f572006792876125093a704cc3eca53e8.1.js:8
ya @ production-1b56020f572006792876125093a704cc3eca53e8.1.js:8
$E @ production-1b56020f572006792876125093a704cc3eca53e8.1.js:8
ya @ production-1b56020f572006792876125093a704cc3eca53e8.1.js:8
$E @ production-1b56020f572006792876125093a704cc3eca53e8.1.js:8
ya @ production-1b56020f572006792876125093a704cc3eca53e8.1.js:8
$E @ production-1b56020f572006792876125093a704cc3eca53e8.1.js:8
ya @ production-1b56020f572006792876125093a704cc3eca53e8.1.js:8
$E @ production-1b56020f572006792876125093a704cc3eca53e8.1.js:8
ya @ production-1b56020f572006792876125093a704cc3eca53e8.1.js:8
$E @ production-1b56020f572006792876125093a704cc3eca53e8.1.js:8
ya @ production-1b56020f572006792876125093a704cc3eca53e8.1.js:8
$E @ production-1b56020f572006792876125093a704cc3eca53e8.1.js:8
ya @ production-1b56020f572006792876125093a704cc3eca53e8.1.js:8
$E @ production-1b56020f572006792876125093a704cc3eca53e8.1.js:8
ya @ production-1b56020f572006792876125093a704cc3eca53e8.1.js:8
$E @ production-1b56020f572006792876125093a704cc3eca53e8.1.js:8
ya @ production-1b56020f572006792876125093a704cc3eca53e8.1.js:8
$E @ production-1b56020f572006792876125093a704cc3eca53e8.1.js:8
ya @ production-1b56020f572006792876125093a704cc3eca53e8.1.js:8
$E @ production-1b56020f572006792876125093a704cc3eca53e8.1.js:8
ya @ production-1b56020f572006792876125093a704cc3eca53e8.1.js:8
postMessage
F @ production-1b56020f572006792876125093a704cc3eca53e8.1.js:1
fe @ production-1b56020f572006792876125093a704cc3eca53e8.1.js:1
e.unstable_scheduleCallback @ production-1b56020f572006792876125093a704cc3eca53e8.1.js:1
rA @ production-1b56020f572006792876125093a704cc3eca53e8.1.js:8
Cn @ production-1b56020f572006792876125093a704cc3eca53e8.1.js:8
_a @ production-1b56020f572006792876125093a704cc3eca53e8.1.js:8
Vd @ production-1b56020f572006792876125093a704cc3eca53e8.1.js:8
Wd.render.Vg.render @ production-1b56020f572006792876125093a704cc3eca53e8.1.js:8
(anonymous) @ main-1b56020f572006792876125093a704cc3eca53e8.1.js:203
await in (anonymous)
(anonymous) @ main-1b56020f572006792876125093a704cc3eca53e8.1.js:203
?oseid=FEg3Vg3FfDb5e5yeyWtcQhac:1  Failed to load resource: the server responded with a status of 404 ()
?oseid=FEg3Vg3FfDb5e5yeyWtcQhac:1  Failed to load resource: the server responded with a status of 404 ()
b1b8942c4w45c4d9d5pb7622108m7815b9e1m.js:1 [WebPixelsManager] Prevented from executing in the Theme Editor
main-cb5551f02e62.js:2 Dux iframe sync: Error processing message: SecurityError: Failed to read a named property 'constructor' from 'Window': Blocked a frame with origin "https://admin.shopify.com" from accessing a cross-origin frame.
    at common-abc47929c5fe.js:57:167799
console.warn @ main-cb5551f02e62.js:2
console.warn @ main-cb5551f02e62.js:2
overrideMethod @ installHook.js:1
(anonymous) @ common-abc47929c5fe.js:57
main-1b56020f572006792876125093a704cc3eca53e8.1.js:6 An error occurred! For more details, see the full error text at https://go.apollo.dev/c/err#%7B%22version%22%3A%223.12.11%22%2C%22message%22%3A15%2C%22args%22%3A%5B%22entitlements%22%2C%22Shop%22%2C%22either%20ensure%20all%20objects%20of%20type%20EntitlementsType%20have%20an%20ID%20or%20a%20custom%20merge%20function%2C%20or%20%22%2C%22Shop.entitlements%22%2C%22%7B%5Cn%20%20%5C%22__typename%5C%22%3A%20%5C%22EntitlementsType%5C%22%2C%5Cn%20%20%5C%22rollouts%5C%22%3A%20%7B%5Cn%20%20%20%20%5C%22__typename%5C%22%3A%20%5C%22RolloutsType%5C%22%2C%5Cn%20%20%20%20%5C%22scheduledRollouts%5C%22%3A%20true%5Cn%20%20%7D%5Cn%7D%22%2C%22%7B%5Cn%20%20%5C%22__typename%5C%22%3A%20%5C%22EntitlementsType%5C%22%2C%5Cn%20%20%5C%22markets%5C%22%3A%20%7B%5Cn%20%20%20%20%5C%22__typename%5C%22%3A%20%5C%22MarketsType%5C%22%2C%5Cn%20%20%20%20%5C%22themes%5C%22%3A%20%7B%5Cn%20%20%20%20%20%20%5C%22__typename%5C%22%3A%20%5C%22MarketsThemesEntitlement%5C%22%2C%5Cn%20%20%20%20%20%20%5C%22enabled%5C%22%3A%20false%5Cn%20%20%20%20%7D%5Cn%20%20%7D%5Cn%7D%22%5D%7D
console.warn @ main-1b56020f572006792876125093a704cc3eca53e8.1.js:6
console.<computed> @ main-1b56020f572006792876125093a704cc3eca53e8.1.js:191
(anonymous) @ main-1b56020f572006792876125093a704cc3eca53e8.1.js:10
(anonymous) @ main-1b56020f572006792876125093a704cc3eca53e8.1.js:10
NX @ main-1b56020f572006792876125093a704cc3eca53e8.1.js:39
(anonymous) @ main-1b56020f572006792876125093a704cc3eca53e8.1.js:39
(anonymous) @ main-1b56020f572006792876125093a704cc3eca53e8.1.js:39
e.writeToStore @ main-1b56020f572006792876125093a704cc3eca53e8.1.js:39
t.write @ main-1b56020f572006792876125093a704cc3eca53e8.1.js:39
e.writeQuery @ main-1b56020f572006792876125093a704cc3eca53e8.1.js:39
(anonymous) @ main-1b56020f572006792876125093a704cc3eca53e8.1.js:39
l @ main-1b56020f572006792876125093a704cc3eca53e8.1.js:39
t.batch @ main-1b56020f572006792876125093a704cc3eca53e8.1.js:39
t.performTransaction @ main-1b56020f572006792876125093a704cc3eca53e8.1.js:39
e.markResult @ main-1b56020f572006792876125093a704cc3eca53e8.1.js:39
(anonymous) @ main-1b56020f572006792876125093a704cc3eca53e8.1.js:39
f @ main-1b56020f572006792876125093a704cc3eca53e8.1.js:34
(anonymous) @ main-1b56020f572006792876125093a704cc3eca53e8.1.js:34
then @ main-1b56020f572006792876125093a704cc3eca53e8.1.js:34
(anonymous) @ main-1b56020f572006792876125093a704cc3eca53e8.1.js:34
Uj @ main-1b56020f572006792876125093a704cc3eca53e8.1.js:34
iv @ main-1b56020f572006792876125093a704cc3eca53e8.1.js:34
t.next @ main-1b56020f572006792876125093a704cc3eca53e8.1.js:34
(anonymous) @ main-1b56020f572006792876125093a704cc3eca53e8.1.js:34
Qs @ main-1b56020f572006792876125093a704cc3eca53e8.1.js:34
next @ main-1b56020f572006792876125093a704cc3eca53e8.1.js:34
Uj @ main-1b56020f572006792876125093a704cc3eca53e8.1.js:34
iv @ main-1b56020f572006792876125093a704cc3eca53e8.1.js:34
t.next @ main-1b56020f572006792876125093a704cc3eca53e8.1.js:34
Uj @ main-1b56020f572006792876125093a704cc3eca53e8.1.js:34
iv @ main-1b56020f572006792876125093a704cc3eca53e8.1.js:34
t.next @ main-1b56020f572006792876125093a704cc3eca53e8.1.js:34
next @ main-1b56020f572006792876125093a704cc3eca53e8.1.js:178
Uj @ main-1b56020f572006792876125093a704cc3eca53e8.1.js:34
iv @ main-1b56020f572006792876125093a704cc3eca53e8.1.js:34
t.next @ main-1b56020f572006792876125093a704cc3eca53e8.1.js:34
next @ main-1b56020f572006792876125093a704cc3eca53e8.1.js:178
Uj @ main-1b56020f572006792876125093a704cc3eca53e8.1.js:34
iv @ main-1b56020f572006792876125093a704cc3eca53e8.1.js:34
t.next @ main-1b56020f572006792876125093a704cc3eca53e8.1.js:34
Promise.then
(anonymous) @ main-1b56020f572006792876125093a704cc3eca53e8.1.js:39
Promise.then
(anonymous) @ main-1b56020f572006792876125093a704cc3eca53e8.1.js:39
e @ main-1b56020f572006792876125093a704cc3eca53e8.1.js:34
t.subscribe @ main-1b56020f572006792876125093a704cc3eca53e8.1.js:34
(anonymous) @ main-1b56020f572006792876125093a704cc3eca53e8.1.js:178
e @ main-1b56020f572006792876125093a704cc3eca53e8.1.js:34
t.subscribe @ main-1b56020f572006792876125093a704cc3eca53e8.1.js:34
e.try @ main-1b56020f572006792876125093a704cc3eca53e8.1.js:178
e @ main-1b56020f572006792876125093a704cc3eca53e8.1.js:178
(anonymous) @ main-1b56020f572006792876125093a704cc3eca53e8.1.js:178
e @ main-1b56020f572006792876125093a704cc3eca53e8.1.js:34
t.subscribe @ main-1b56020f572006792876125093a704cc3eca53e8.1.js:34
(anonymous) @ main-1b56020f572006792876125093a704cc3eca53e8.1.js:178
e @ main-1b56020f572006792876125093a704cc3eca53e8.1.js:34
t.subscribe @ main-1b56020f572006792876125093a704cc3eca53e8.1.js:34
complete @ main-1b56020f572006792876125093a704cc3eca53e8.1.js:34
t.start @ main-1b56020f572006792876125093a704cc3eca53e8.1.js:34
t @ main-1b56020f572006792876125093a704cc3eca53e8.1.js:34
e.getObservableFromLink @ main-1b56020f572006792876125093a704cc3eca53e8.1.js:39
e.getResultsFromLink @ main-1b56020f572006792876125093a704cc3eca53e8.1.js:39
g @ main-1b56020f572006792876125093a704cc3eca53e8.1.js:39
e.fetchQueryByPolicy @ main-1b56020f572006792876125093a704cc3eca53e8.1.js:39
S @ main-1b56020f572006792876125093a704cc3eca53e8.1.js:39
e.fetchConcastWithInfo @ main-1b56020f572006792876125093a704cc3eca53e8.1.js:39
t.fetch @ main-1b56020f572006792876125093a704cc3eca53e8.1.js:39
t.reobserveAsConcast @ main-1b56020f572006792876125093a704cc3eca53e8.1.js:39
t.reobserve @ main-1b56020f572006792876125093a704cc3eca53e8.1.js:39
(anonymous) @ main-1b56020f572006792876125093a704cc3eca53e8.1.js:39
e @ main-1b56020f572006792876125093a704cc3eca53e8.1.js:34
t.subscribe @ main-1b56020f572006792876125093a704cc3eca53e8.1.js:34
Q @ query-1b56020f572006792876125093a704cc3eca53e8.1.js:1
(anonymous) @ query-1b56020f572006792876125093a704cc3eca53e8.1.js:1
Dd @ production-1b56020f572006792876125093a704cc3eca53e8.1.js:8
$s @ production-1b56020f572006792876125093a704cc3eca53e8.1.js:8
KE @ production-1b56020f572006792876125093a704cc3eca53e8.1.js:8
Mi @ production-1b56020f572006792876125093a704cc3eca53e8.1.js:6
Rj @ production-1b56020f572006792876125093a704cc3eca53e8.1.js:8
Do @ production-1b56020f572006792876125093a704cc3eca53e8.1.js:8
HE @ production-1b56020f572006792876125093a704cc3eca53e8.1.js:8
A @ production-1b56020f572006792876125093a704cc3eca53e8.1.js:1
M @ production-1b56020f572006792876125093a704cc3eca53e8.1.js:1
postMessage
F @ production-1b56020f572006792876125093a704cc3eca53e8.1.js:1
fe @ production-1b56020f572006792876125093a704cc3eca53e8.1.js:1
e.unstable_scheduleCallback @ production-1b56020f572006792876125093a704cc3eca53e8.1.js:1
rA @ production-1b56020f572006792876125093a704cc3eca53e8.1.js:8
Cn @ production-1b56020f572006792876125093a704cc3eca53e8.1.js:8
_a @ production-1b56020f572006792876125093a704cc3eca53e8.1.js:8
hj @ production-1b56020f572006792876125093a704cc3eca53e8.1.js:6
c @ Editor-1b56020f572006792876125093a704cc3eca53e8.1.js:302
await in c
(anonymous) @ Editor-1b56020f572006792876125093a704cc3eca53e8.1.js:302
Dd @ production-1b56020f572006792876125093a704cc3eca53e8.1.js:8
$s @ production-1b56020f572006792876125093a704cc3eca53e8.1.js:8
(anonymous) @ production-1b56020f572006792876125093a704cc3eca53e8.1.js:8
A @ production-1b56020f572006792876125093a704cc3eca53e8.1.js:1
M @ production-1b56020f572006792876125093a704cc3eca53e8.1.js:1
postMessage
F @ production-1b56020f572006792876125093a704cc3eca53e8.1.js:1
M @ production-1b56020f572006792876125093a704cc3eca53e8.1.js:1
postMessage
F @ production-1b56020f572006792876125093a704cc3eca53e8.1.js:1
M @ production-1b56020f572006792876125093a704cc3eca53e8.1.js:1
postMessage
F @ production-1b56020f572006792876125093a704cc3eca53e8.1.js:1
fe @ production-1b56020f572006792876125093a704cc3eca53e8.1.js:1
e.unstable_scheduleCallback @ production-1b56020f572006792876125093a704cc3eca53e8.1.js:1
rA @ production-1b56020f572006792876125093a704cc3eca53e8.1.js:8
Cn @ production-1b56020f572006792876125093a704cc3eca53e8.1.js:8
eA @ production-1b56020f572006792876125093a704cc3eca53e8.1.js:8
zj @ production-1b56020f572006792876125093a704cc3eca53e8.1.js:8
Promise.then
(anonymous) @ production-1b56020f572006792876125093a704cc3eca53e8.1.js:8
qE @ production-1b56020f572006792876125093a704cc3eca53e8.1.js:8
$E @ production-1b56020f572006792876125093a704cc3eca53e8.1.js:8
ya @ production-1b56020f572006792876125093a704cc3eca53e8.1.js:8
$E @ production-1b56020f572006792876125093a704cc3eca53e8.1.js:8
ya @ production-1b56020f572006792876125093a704cc3eca53e8.1.js:8
$E @ production-1b56020f572006792876125093a704cc3eca53e8.1.js:8
ya @ production-1b56020f572006792876125093a704cc3eca53e8.1.js:8
$E @ production-1b56020f572006792876125093a704cc3eca53e8.1.js:8
ya @ production-1b56020f572006792876125093a704cc3eca53e8.1.js:8
$E @ production-1b56020f572006792876125093a704cc3eca53e8.1.js:8
ya @ production-1b56020f572006792876125093a704cc3eca53e8.1.js:8
$E @ production-1b56020f572006792876125093a704cc3eca53e8.1.js:8
ya @ production-1b56020f572006792876125093a704cc3eca53e8.1.js:8
$E @ production-1b56020f572006792876125093a704cc3eca53e8.1.js:8
ya @ production-1b56020f572006792876125093a704cc3eca53e8.1.js:8
$E @ production-1b56020f572006792876125093a704cc3eca53e8.1.js:8
ya @ production-1b56020f572006792876125093a704cc3eca53e8.1.js:8
$E @ production-1b56020f572006792876125093a704cc3eca53e8.1.js:8
ya @ production-1b56020f572006792876125093a704cc3eca53e8.1.js:8
$E @ production-1b56020f572006792876125093a704cc3eca53e8.1.js:8
ya @ production-1b56020f572006792876125093a704cc3eca53e8.1.js:8
$E @ production-1b56020f572006792876125093a704cc3eca53e8.1.js:8
ya @ production-1b56020f572006792876125093a704cc3eca53e8.1.js:8
$E @ production-1b56020f572006792876125093a704cc3eca53e8.1.js:8
ya @ production-1b56020f572006792876125093a704cc3eca53e8.1.js:8
$E @ production-1b56020f572006792876125093a704cc3eca53e8.1.js:8
ya @ production-1b56020f572006792876125093a704cc3eca53e8.1.js:8
$E @ production-1b56020f572006792876125093a704cc3eca53e8.1.js:8
ya @ production-1b56020f572006792876125093a704cc3eca53e8.1.js:8
$E @ production-1b56020f572006792876125093a704cc3eca53e8.1.js:8
ya @ production-1b56020f572006792876125093a704cc3eca53e8.1.js:8
$E @ production-1b56020f572006792876125093a704cc3eca53e8.1.js:8
ya @ production-1b56020f572006792876125093a704cc3eca53e8.1.js:8
$E @ production-1b56020f572006792876125093a704cc3eca53e8.1.js:8
ya @ production-1b56020f572006792876125093a704cc3eca53e8.1.js:8
$E @ production-1b56020f572006792876125093a704cc3eca53e8.1.js:8
ya @ production-1b56020f572006792876125093a704cc3eca53e8.1.js:8
$E @ production-1b56020f572006792876125093a704cc3eca53e8.1.js:8
ya @ production-1b56020f572006792876125093a704cc3eca53e8.1.js:8
$E @ production-1b56020f572006792876125093a704cc3eca53e8.1.js:8
ya @ production-1b56020f572006792876125093a704cc3eca53e8.1.js:8
$E @ production-1b56020f572006792876125093a704cc3eca53e8.1.js:8
ya @ production-1b56020f572006792876125093a704cc3eca53e8.1.js:8
$E @ production-1b56020f572006792876125093a704cc3eca53e8.1.js:8
ya @ production-1b56020f572006792876125093a704cc3eca53e8.1.js:8
$E @ production-1b56020f572006792876125093a704cc3eca53e8.1.js:8
ya @ production-1b56020f572006792876125093a704cc3eca53e8.1.js:8
$E @ production-1b56020f572006792876125093a704cc3eca53e8.1.js:8
ya @ production-1b56020f572006792876125093a704cc3eca53e8.1.js:8
$E @ production-1b56020f572006792876125093a704cc3eca53e8.1.js:8
ya @ production-1b56020f572006792876125093a704cc3eca53e8.1.js:8
$E @ production-1b56020f572006792876125093a704cc3eca53e8.1.js:8
ya @ production-1b56020f572006792876125093a704cc3eca53e8.1.js:8
$E @ production-1b56020f572006792876125093a704cc3eca53e8.1.js:8
ya @ production-1b56020f572006792876125093a704cc3eca53e8.1.js:8
$E @ production-1b56020f572006792876125093a704cc3eca53e8.1.js:8
ya @ production-1b56020f572006792876125093a704cc3eca53e8.1.js:8
$E @ production-1b56020f572006792876125093a704cc3eca53e8.1.js:8
ya @ production-1b56020f572006792876125093a704cc3eca53e8.1.js:8
$E @ production-1b56020f572006792876125093a704cc3eca53e8.1.js:8
ya @ production-1b56020f572006792876125093a704cc3eca53e8.1.js:8
$E @ production-1b56020f572006792876125093a704cc3eca53e8.1.js:8
ya @ production-1b56020f572006792876125093a704cc3eca53e8.1.js:8
$E @ production-1b56020f572006792876125093a704cc3eca53e8.1.js:8
ya @ production-1b56020f572006792876125093a704cc3eca53e8.1.js:8
$E @ production-1b56020f572006792876125093a704cc3eca53e8.1.js:8
ya @ production-1b56020f572006792876125093a704cc3eca53e8.1.js:8
$E @ production-1b56020f572006792876125093a704cc3eca53e8.1.js:8
ya @ production-1b56020f572006792876125093a704cc3eca53e8.1.js:8
$E @ production-1b56020f572006792876125093a704cc3eca53e8.1.js:8
ya @ production-1b56020f572006792876125093a704cc3eca53e8.1.js:8
$E @ production-1b56020f572006792876125093a704cc3eca53e8.1.js:8
ya @ production-1b56020f572006792876125093a704cc3eca53e8.1.js:8
$E @ production-1b56020f572006792876125093a704cc3eca53e8.1.js:8
ya @ production-1b56020f572006792876125093a704cc3eca53e8.1.js:8
$E @ production-1b56020f572006792876125093a704cc3eca53e8.1.js:8
ya @ production-1b56020f572006792876125093a704cc3eca53e8.1.js:8
$E @ production-1b56020f572006792876125093a704cc3eca53e8.1.js:8
ya @ production-1b56020f572006792876125093a704cc3eca53e8.1.js:8
$E @ production-1b56020f572006792876125093a704cc3eca53e8.1.js:8
ya @ production-1b56020f572006792876125093a704cc3eca53e8.1.js:8
$E @ production-1b56020f572006792876125093a704cc3eca53e8.1.js:8
ya @ production-1b56020f572006792876125093a704cc3eca53e8.1.js:8
$E @ production-1b56020f572006792876125093a704cc3eca53e8.1.js:8
ya @ production-1b56020f572006792876125093a704cc3eca53e8.1.js:8
$E @ production-1b56020f572006792876125093a704cc3eca53e8.1.js:8
ya @ production-1b56020f572006792876125093a704cc3eca53e8.1.js:8
$E @ production-1b56020f572006792876125093a704cc3eca53e8.1.js:8
ya @ production-1b56020f572006792876125093a704cc3eca53e8.1.js:8
$E @ production-1b56020f572006792876125093a704cc3eca53e8.1.js:8
ya @ production-1b56020f572006792876125093a704cc3eca53e8.1.js:8
$E @ production-1b56020f572006792876125093a704cc3eca53e8.1.js:8
ya @ production-1b56020f572006792876125093a704cc3eca53e8.1.js:8
$E @ production-1b56020f572006792876125093a704cc3eca53e8.1.js:8
ya @ production-1b56020f572006792876125093a704cc3eca53e8.1.js:8
$E @ production-1b56020f572006792876125093a704cc3eca53e8.1.js:8
ya @ production-1b56020f572006792876125093a704cc3eca53e8.1.js:8
$E @ production-1b56020f572006792876125093a704cc3eca53e8.1.js:8
ya @ production-1b56020f572006792876125093a704cc3eca53e8.1.js:8
$E @ production-1b56020f572006792876125093a704cc3eca53e8.1.js:8
ya @ production-1b56020f572006792876125093a704cc3eca53e8.1.js:8
$E @ production-1b56020f572006792876125093a704cc3eca53e8.1.js:8
ya @ production-1b56020f572006792876125093a704cc3eca53e8.1.js:8
$E @ production-1b56020f572006792876125093a704cc3eca53e8.1.js:8
ya @ production-1b56020f572006792876125093a704cc3eca53e8.1.js:8
$E @ production-1b56020f572006792876125093a704cc3eca53e8.1.js:8
ya @ production-1b56020f572006792876125093a704cc3eca53e8.1.js:8
$E @ production-1b56020f572006792876125093a704cc3eca53e8.1.js:8
ya @ production-1b56020f572006792876125093a704cc3eca53e8.1.js:8
$E @ production-1b56020f572006792876125093a704cc3eca53e8.1.js:8
ya @ production-1b56020f572006792876125093a704cc3eca53e8.1.js:8
$E @ production-1b56020f572006792876125093a704cc3eca53e8.1.js:8
ya @ production-1b56020f572006792876125093a704cc3eca53e8.1.js:8
$E @ production-1b56020f572006792876125093a704cc3eca53e8.1.js:8
ya @ production-1b56020f572006792876125093a704cc3eca53e8.1.js:8
$E @ production-1b56020f572006792876125093a704cc3eca53e8.1.js:8
ya @ production-1b56020f572006792876125093a704cc3eca53e8.1.js:8
$E @ production-1b56020f572006792876125093a704cc3eca53e8.1.js:8
ya @ production-1b56020f572006792876125093a704cc3eca53e8.1.js:8
$E @ production-1b56020f572006792876125093a704cc3eca53e8.1.js:8
ya @ production-1b56020f572006792876125093a704cc3eca53e8.1.js:8
$E @ production-1b56020f572006792876125093a704cc3eca53e8.1.js:8
ya @ production-1b56020f572006792876125093a704cc3eca53e8.1.js:8
$E @ production-1b56020f572006792876125093a704cc3eca53e8.1.js:8
ya @ production-1b56020f572006792876125093a704cc3eca53e8.1.js:8
$E @ production-1b56020f572006792876125093a704cc3eca53e8.1.js:8
ya @ production-1b56020f572006792876125093a704cc3eca53e8.1.js:8
$E @ production-1b56020f572006792876125093a704cc3eca53e8.1.js:8
ya @ production-1b56020f572006792876125093a704cc3eca53e8.1.js:8
$E @ production-1b56020f572006792876125093a704cc3eca53e8.1.js:8
ya @ production-1b56020f572006792876125093a704cc3eca53e8.1.js:8
$E @ production-1b56020f572006792876125093a704cc3eca53e8.1.js:8
ya @ production-1b56020f572006792876125093a704cc3eca53e8.1.js:8
$E @ production-1b56020f572006792876125093a704cc3eca53e8.1.js:8
ya @ production-1b56020f572006792876125093a704cc3eca53e8.1.js:8
$E @ production-1b56020f572006792876125093a704cc3eca53e8.1.js:8
ya @ production-1b56020f572006792876125093a704cc3eca53e8.1.js:8
$E @ production-1b56020f572006792876125093a704cc3eca53e8.1.js:8
ya @ production-1b56020f572006792876125093a704cc3eca53e8.1.js:8
$E @ production-1b56020f572006792876125093a704cc3eca53e8.1.js:8
ya @ production-1b56020f572006792876125093a704cc3eca53e8.1.js:8
$E @ production-1b56020f572006792876125093a704cc3eca53e8.1.js:8
ya @ production-1b56020f572006792876125093a704cc3eca53e8.1.js:8
$E @ production-1b56020f572006792876125093a704cc3eca53e8.1.js:8
ya @ production-1b56020f572006792876125093a704cc3eca53e8.1.js:8
$E @ production-1b56020f572006792876125093a704cc3eca53e8.1.js:8
ya @ production-1b56020f572006792876125093a704cc3eca53e8.1.js:8
$E @ production-1b56020f572006792876125093a704cc3eca53e8.1.js:8
ya @ production-1b56020f572006792876125093a704cc3eca53e8.1.js:8
$E @ production-1b56020f572006792876125093a704cc3eca53e8.1.js:8
ya @ production-1b56020f572006792876125093a704cc3eca53e8.1.js:8
$E @ production-1b56020f572006792876125093a704cc3eca53e8.1.js:8
ya @ production-1b56020f572006792876125093a704cc3eca53e8.1.js:8
$E @ production-1b56020f572006792876125093a704cc3eca53e8.1.js:8
ya @ production-1b56020f572006792876125093a704cc3eca53e8.1.js:8
$E @ production-1b56020f572006792876125093a704cc3eca53e8.1.js:8
ya @ production-1b56020f572006792876125093a704cc3eca53e8.1.js:8
$E @ production-1b56020f572006792876125093a704cc3eca53e8.1.js:8
ya @ production-1b56020f572006792876125093a704cc3eca53e8.1.js:8
$E @ production-1b56020f572006792876125093a704cc3eca53e8.1.js:8
ya @ production-1b56020f572006792876125093a704cc3eca53e8.1.js:8
$E @ production-1b56020f572006792876125093a704cc3eca53e8.1.js:8
ya @ production-1b56020f572006792876125093a704cc3eca53e8.1.js:8
$E @ production-1b56020f572006792876125093a704cc3eca53e8.1.js:8
ya @ production-1b56020f572006792876125093a704cc3eca53e8.1.js:8
$E @ production-1b56020f572006792876125093a704cc3eca53e8.1.js:8
ya @ production-1b56020f572006792876125093a704cc3eca53e8.1.js:8
$E @ production-1b56020f572006792876125093a704cc3eca53e8.1.js:8
ya @ production-1b56020f572006792876125093a704cc3eca53e8.1.js:8
$E @ production-1b56020f572006792876125093a704cc3eca53e8.1.js:8
ya @ production-1b56020f572006792876125093a704cc3eca53e8.1.js:8
$E @ production-1b56020f572006792876125093a704cc3eca53e8.1.js:8
ya @ production-1b56020f572006792876125093a704cc3eca53e8.1.js:8
$E @ production-1b56020f572006792876125093a704cc3eca53e8.1.js:8
ya @ production-1b56020f572006792876125093a704cc3eca53e8.1.js:8
$E @ production-1b56020f572006792876125093a704cc3eca53e8.1.js:8
ya @ production-1b56020f572006792876125093a704cc3eca53e8.1.js:8
$E @ production-1b56020f572006792876125093a704cc3eca53e8.1.js:8
ya @ production-1b56020f572006792876125093a704cc3eca53e8.1.js:8
$E @ production-1b56020f572006792876125093a704cc3eca53e8.1.js:8
ya @ production-1b56020f572006792876125093a704cc3eca53e8.1.js:8
$E @ production-1b56020f572006792876125093a704cc3eca53e8.1.js:8
ya @ production-1b56020f572006792876125093a704cc3eca53e8.1.js:8
$E @ production-1b56020f572006792876125093a704cc3eca53e8.1.js:8
ya @ production-1b56020f572006792876125093a704cc3eca53e8.1.js:8
$E @ production-1b56020f572006792876125093a704cc3eca53e8.1.js:8
ya @ production-1b56020f572006792876125093a704cc3eca53e8.1.js:8
$E @ production-1b56020f572006792876125093a704cc3eca53e8.1.js:8
ya @ production-1b56020f572006792876125093a704cc3eca53e8.1.js:8
$E @ production-1b56020f572006792876125093a704cc3eca53e8.1.js:8
ya @ production-1b56020f572006792876125093a704cc3eca53e8.1.js:8
$E @ production-1b56020f572006792876125093a704cc3eca53e8.1.js:8
ya @ production-1b56020f572006792876125093a704cc3eca53e8.1.js:8
$E @ production-1b56020f572006792876125093a704cc3eca53e8.1.js:8
ya @ production-1b56020f572006792876125093a704cc3eca53e8.1.js:8
$E @ production-1b56020f572006792876125093a704cc3eca53e8.1.js:8
ya @ production-1b56020f572006792876125093a704cc3eca53e8.1.js:8
$E @ production-1b56020f572006792876125093a704cc3eca53e8.1.js:8
ya @ production-1b56020f572006792876125093a704cc3eca53e8.1.js:8
postMessage
F @ production-1b56020f572006792876125093a704cc3eca53e8.1.js:1
fe @ production-1b56020f572006792876125093a704cc3eca53e8.1.js:1
e.unstable_scheduleCallback @ production-1b56020f572006792876125093a704cc3eca53e8.1.js:1
rA @ production-1b56020f572006792876125093a704cc3eca53e8.1.js:8
Cn @ production-1b56020f572006792876125093a704cc3eca53e8.1.js:8
_a @ production-1b56020f572006792876125093a704cc3eca53e8.1.js:8
Vd @ production-1b56020f572006792876125093a704cc3eca53e8.1.js:8
Wd.render.Vg.render @ production-1b56020f572006792876125093a704cc3eca53e8.1.js:8
(anonymous) @ main-1b56020f572006792876125093a704cc3eca53e8.1.js:203
await in (anonymous)
(anonymous) @ main-1b56020f572006792876125093a704cc3eca53e8.1.js:203
zzmh64-xh.myshopify.com/?oseid=FEg3Vg3FfDb5e5yeyWtcQhac&source=visualPreviewInitialLoad:1  Failed to load resource: the server responded with a status of 404 ()
?oseid=FEg3Vg3FfDb5e5yeyWtcQhac&source=visualPreviewInitialLoad:1  Failed to load resource: the server responded with a status of 404 ()
zzmh64-xh.myshopify.com/?oseid=FEg3Vg3FfDb5e5yeyWtcQhac&source=visualPreviewInitialLoad:1  Failed to load resource: the server responded with a status of 404 ()
zzmh64-xh.myshopify.com/?oseid=FEg3Vg3FfDb5e5yeyWtcQhac&source=visualPreviewInitialLoad:1  Failed to load resource: the server responded with a status of 404 ()
?oseid=FEg3Vg3FfDb5e5yeyWtcQhac&source=visualPreviewInitialLoad:1  Failed to load resource: the server responded with a status of 404 ()
b1b8942c4w45c4d9d5pb7622108m7815b9e1m.js:1 [WebPixelsManager] Prevented from executing in the Theme Editor
?oseid=FEg3Vg3FfDb5e5yeyWtcQhac&source=visualPreviewInitialLoad:1  Failed to load resource: the server responded with a status of 404 ()
zzmh64-xh.myshopify.com/?oseid=FEg3Vg3FfDb5e5yeyWtcQhac&source=visualPreviewInitialLoad:1  Failed to load resource: the server responded with a status of 404 ()
zzmh64-xh.myshopify.com/?oseid=FEg3Vg3FfDb5e5yeyWtcQhac&source=visualPreviewInitialLoad:1  Failed to load resource: the server responded with a status of 404 ()
?oseid=FEg3Vg3FfDb5e5yeyWtcQhac&source=visualPreviewInitialLoad:1  Failed to load resource: the server responded with a status of 404 ()
b1b8942c4w45c4d9d5pb7622108m7815b9e1m.js:1 [WebPixelsManager] Prevented from executing in the Theme Editor
main-1b56020f572006792876125093a704cc3eca53e8.1.js:6 Suppressed error exporting metrics: TypeError: Failed to fetch
    at app-bridge.js:1:13778
console.error @ main-1b56020f572006792876125093a704cc3eca53e8.1.js:6
console.<computed> @ main-1b56020f572006792876125093a704cc3eca53e8.1.js:191
exportMetrics @ main-1b56020f572006792876125093a704cc3eca53e8.1.js:203
await in exportMetrics
exportMetrics @ main-1b56020f572006792876125093a704cc3eca53e8.1.js:203
exportMetrics @ main-1b56020f572006792876125093a704cc3eca53e8.1.js:203
P @ production-1b56020f572006792876125093a704cc3eca53e8.1.js:13
D @ production-1b56020f572006792876125093a704cc3eca53e8.1.js:13
O @ production-1b56020f572006792876125093a704cc3eca53e8.1.js:13
setTimeout
O @ production-1b56020f572006792876125093a704cc3eca53e8.1.js:13
setTimeout
O @ production-1b56020f572006792876125093a704cc3eca53e8.1.js:13
setTimeout
O @ production-1b56020f572006792876125093a704cc3eca53e8.1.js:13
setTimeout
O @ production-1b56020f572006792876125093a704cc3eca53e8.1.js:13
setTimeout
O @ production-1b56020f572006792876125093a704cc3eca53e8.1.js:13
setTimeout
A @ production-1b56020f572006792876125093a704cc3eca53e8.1.js:13
M @ production-1b56020f572006792876125093a704cc3eca53e8.1.js:13
(anonymous) @ main-1b56020f572006792876125093a704cc3eca53e8.1.js:203
onSession @ main-1b56020f572006792876125093a704cc3eca53e8.1.js:203
$ @ main-1b56020f572006792876125093a704cc3eca53e8.1.js:186
B.startSession @ main-1b56020f572006792876125093a704cc3eca53e8.1.js:186
createClient @ main-1b56020f572006792876125093a704cc3eca53e8.1.js:192
fbe @ main-1b56020f572006792876125093a704cc3eca53e8.1.js:203
_load @ main-1b56020f572006792876125093a704cc3eca53e8.1.js:178
get @ main-1b56020f572006792876125093a704cc3eca53e8.1.js:178
(anonymous) @ main-1b56020f572006792876125093a704cc3eca53e8.1.js:178
a @ main-1b56020f572006792876125093a704cc3eca53e8.1.js:178
next @ main-1b56020f572006792876125093a704cc3eca53e8.1.js:178
Uj @ main-1b56020f572006792876125093a704cc3eca53e8.1.js:34
iv @ main-1b56020f572006792876125093a704cc3eca53e8.1.js:34
t.next @ main-1b56020f572006792876125093a704cc3eca53e8.1.js:34
Promise.then
(anonymous) @ main-1b56020f572006792876125093a704cc3eca53e8.1.js:39
Promise.then
(anonymous) @ main-1b56020f572006792876125093a704cc3eca53e8.1.js:39
e @ main-1b56020f572006792876125093a704cc3eca53e8.1.js:34
t.subscribe @ main-1b56020f572006792876125093a704cc3eca53e8.1.js:34
(anonymous) @ main-1b56020f572006792876125093a704cc3eca53e8.1.js:178
e @ main-1b56020f572006792876125093a704cc3eca53e8.1.js:34
t.subscribe @ main-1b56020f572006792876125093a704cc3eca53e8.1.js:34
e.try @ main-1b56020f572006792876125093a704cc3eca53e8.1.js:178
e @ main-1b56020f572006792876125093a704cc3eca53e8.1.js:178
(anonymous) @ main-1b56020f572006792876125093a704cc3eca53e8.1.js:178
e @ main-1b56020f572006792876125093a704cc3eca53e8.1.js:34
t.subscribe @ main-1b56020f572006792876125093a704cc3eca53e8.1.js:34
(anonymous) @ main-1b56020f572006792876125093a704cc3eca53e8.1.js:178
e @ main-1b56020f572006792876125093a704cc3eca53e8.1.js:34
t.subscribe @ main-1b56020f572006792876125093a704cc3eca53e8.1.js:34
complete @ main-1b56020f572006792876125093a704cc3eca53e8.1.js:34
t.start @ main-1b56020f572006792876125093a704cc3eca53e8.1.js:34
t @ main-1b56020f572006792876125093a704cc3eca53e8.1.js:34
e.getObservableFromLink @ main-1b56020f572006792876125093a704cc3eca53e8.1.js:39
e.getResultsFromLink @ main-1b56020f572006792876125093a704cc3eca53e8.1.js:39
g @ main-1b56020f572006792876125093a704cc3eca53e8.1.js:39
e.fetchQueryByPolicy @ main-1b56020f572006792876125093a704cc3eca53e8.1.js:39
S @ main-1b56020f572006792876125093a704cc3eca53e8.1.js:39
e.fetchConcastWithInfo @ main-1b56020f572006792876125093a704cc3eca53e8.1.js:39
e.fetchQuery @ main-1b56020f572006792876125093a704cc3eca53e8.1.js:39
e.query @ main-1b56020f572006792876125093a704cc3eca53e8.1.js:39
e.query @ main-1b56020f572006792876125093a704cc3eca53e8.1.js:39
_be @ main-1b56020f572006792876125093a704cc3eca53e8.1.js:203
_load @ main-1b56020f572006792876125093a704cc3eca53e8.1.js:178
(anonymous) @ main-1b56020f572006792876125093a704cc3eca53e8.1.js:178
ensure @ main-1b56020f572006792876125093a704cc3eca53e8.1.js:178
await in ensure
EE @ main-1b56020f572006792876125093a704cc3eca53e8.1.js:203
(anonymous) @ main-1b56020f572006792876125093a704cc3eca53e8.1.js:203
(anonymous) @ main-1b56020f572006792876125093a704cc3eca53e8.1.js:203
  GET https://zzmh64-xh.myshopify.com/?oseid=FEg3Vg3FfDb5e5yeyWtcQhac 404 (Not Found)
Yb @ storefront-modules-1b56020f572006792876125093a704cc3eca53e8.1.js:7
(anonymous) @ storefront-modules-1b56020f572006792876125093a704cc3eca53e8.1.js:7
postMessage
(anonymous) @ Editor-1b56020f572006792876125093a704cc3eca53e8.1.js:100
n @ Editor-1b56020f572006792876125093a704cc3eca53e8.1.js:100
await in n
(anonymous) @ Editor-1b56020f572006792876125093a704cc3eca53e8.1.js:100
(anonymous) @ Editor-1b56020f572006792876125093a704cc3eca53e8.1.js:304
(anonymous) @ Editor-1b56020f572006792876125093a704cc3eca53e8.1.js:304
onSelect @ Editor-1b56020f572006792876125093a704cc3eca53e8.1.js:304
onAction @ Editor-1b56020f572006792876125093a704cc3eca53e8.1.js:85
(anonymous) @ Editor-1b56020f572006792876125093a704cc3eca53e8.1.js:85
Qe @ production-1b56020f572006792876125093a704cc3eca53e8.1.js:5
ot @ production-1b56020f572006792876125093a704cc3eca53e8.1.js:5
vt @ production-1b56020f572006792876125093a704cc3eca53e8.1.js:5
S5 @ production-1b56020f572006792876125093a704cc3eca53e8.1.js:5
E5 @ production-1b56020f572006792876125093a704cc3eca53e8.1.js:5
(anonymous) @ production-1b56020f572006792876125093a704cc3eca53e8.1.js:5
Lg @ production-1b56020f572006792876125093a704cc3eca53e8.1.js:8
ue @ production-1b56020f572006792876125093a704cc3eca53e8.1.js:5
Lh @ production-1b56020f572006792876125093a704cc3eca53e8.1.js:5
vh @ production-1b56020f572006792876125093a704cc3eca53e8.1.js:5
g7 @ production-1b56020f572006792876125093a704cc3eca53e8.1.js:5
?oseid=FEg3Vg3FfDb5e5yeyWtcQhac:1  Failed to load resource: the server responded with a status of 404 ()
?oseid=FEg3Vg3FfDb5e5yeyWtcQhac:1  Failed to load resource: the server responded with a status of 404 ()
b1b8942c4w45c4d9d5pb7622108m7815b9e1m.js:1 [WebPixelsManager] Prevented from executing in the Theme Editor
zzmh64-xh.myshopify.com/?oseid=FEg3Vg3FfDb5e5yeyWtcQhac&source=visualPreviewInitialLoad:1  Failed to load resource: the server responded with a status of 404 ()
?oseid=FEg3Vg3FfDb5e5yeyWtcQhac&source=visualPreviewInitialLoad:1  Failed to load resource: the server responded with a status of 404 ()
b1b8942c4w45c4d9d5pb7622108m7815b9e1m.js:1 [WebPixelsManager] Prevented from executing in the Theme Editor
?oseid=FEg3Vg3FfDb5e5yeyWtcQhac&source=visualPreviewInitialLoad:1  Failed to load resource: the server responded with a status of 404 ()
b1b8942c4w45c4d9d5pb7622108m7815b9e1m.js:1 [WebPixelsManager] Prevented from executing in the Theme Editor
